#
# A fatal error has been detected by the Java Runtime Environment:
#
#  EXCEPTION_ACCESS_VIOLATION (0xc0000005) at pc=0x000001e933e4a5f0, pid=6584, tid=21560
#
# JRE version: Java(TM) SE Runtime Environment (15.0.1+9) (build 15.0.1+9-18)
# Java VM: Java HotSpot(TM) 64-Bit Server VM (15.0.1+9-18, mixed mode, sharing, tiered, compressed oops, g1 gc, windows-amd64)
# Problematic frame:
# C  0x000001e933e4a5f0
#
# No core dump will be written. Minidumps are not enabled by default on client versions of Windows
#
# If you would like to submit a bug report, please visit:
#   https://bugreport.java.com/bugreport/crash.jsp
#

---------------  S U M M A R Y ------------

Command Line: -ea -Dfile.encoding=Cp1252 -XX:+ShowCodeDetailsInExceptionMessages org.eclipse.jdt.internal.junit.runner.RemoteTestRunner -version 3 -port 60319 -testLoaderClass org.eclipse.jdt.internal.junit4.runner.JUnit4TestLoader -loaderpluginname org.eclipse.jdt.junit4.runtime -classNames org.vividus.runner.StoriesRunner

Host: Intel(R) Core(TM) i5-8350U CPU @ 1.70GHz, 8 cores, 15G,  Windows 10 , 64 bit Build 18362 (10.0.18362.1110)
Time: Sun Feb 21 22:57:56 2021 Belarus Standard Time elapsed time: 46.534577 seconds (0d 0h 0m 46s)

---------------  T H R E A D  ---------------

Current thread (0x000001e933460b60):  GCTaskThread "GC Thread#5" [stack: 0x0000006d5de00000,0x0000006d5df00000] [id=21560]

Stack: [0x0000006d5de00000,0x0000006d5df00000],  sp=0x0000006d5defefb8,  free space=1019k
Native frames: (J=compiled Java code, j=interpreted, Vv=VM code, C=native code)
C  0x000001e933e4a5f0


siginfo: EXCEPTION_ACCESS_VIOLATION (0xc0000005), data execution prevention violation at address 0x000001e933e4a5f0


Register to memory mapping:

RIP=0x000001e933e4a5f0 points into unknown readable memory: 0x00000000bbebbbb0 | b0 bb eb bb 00 00 00 00
RAX=0x000001e9330337d8 points into unknown readable memory: 0x00000000bbabaab0 | b0 aa ab bb 00 00 00 00
RBX=0x000001c200247bd6 is an unknown value
RCX=0x00000008000021f0 is pointing into metadata
RDX=0x000000071da55748 is pointing into object: java.awt.Point 
{0x000000071da55740} - klass: 'java/awt/Point'
RSP=0x0000006d5defefb8 points into unknown readable memory: 0x00007ffd7a9615c9 | c9 15 96 7a fd 7f 00 00
RBP=0x000001e937651b90 points into unknown readable memory: 0x00007ffd7af1a628 | 28 a6 f1 7a fd 7f 00 00
RSI=0x0000006d5deff330 points into unknown readable memory: 0x00007ffd7af1b7a8 | a8 b7 f1 7a fd 7f 00 00
RDI=0x0000000000000001 is an unknown value
R8 =0x000000001587ba49 is an unknown value
R9 =0x00000008000021f0 is pointing into metadata
R10=0x000000071da55748 is pointing into object: java.awt.Point 
{0x000000071da55740} - klass: 'java/awt/Point'
R11=0x0000000000000097 is an unknown value
R12=0x0000000000000040 is an unknown value
R13=0x0 is NULL
R14=0x000001e90e6e47b0 points into unknown readable memory: 0x000037db000045e7 | e7 45 00 00 db 37 00 00
R15=0x000000071da55748 is pointing into object: java.awt.Point 
{0x000000071da55740} - klass: 'java/awt/Point'


Registers:
RAX=0x000001e9330337d8, RBX=0x000001c200247bd6, RCX=0x00000008000021f0, RDX=0x000000071da55748
RSP=0x0000006d5defefb8, RBP=0x000001e937651b90, RSI=0x0000006d5deff330, RDI=0x0000000000000001
R8 =0x000000001587ba49, R9 =0x00000008000021f0, R10=0x000000071da55748, R11=0x0000000000000097
R12=0x0000000000000040, R13=0x0000000000000000, R14=0x000001e90e6e47b0, R15=0x000000071da55748
RIP=0x000001e933e4a5f0, EFLAGS=0x0000000000010202

Top of Stack: (sp=0x0000006d5defefb8)
0x0000006d5defefb8:   00007ffd7a9615c9 0000000000000001
0x0000006d5defefc8:   0000000000000012 000001e937651b90
0x0000006d5defefd8:   0000000000000000 0000000000000000
0x0000006d5defefe8:   ffffffffffffffff 0000000000000100
0x0000006d5defeff8:   00007ffd7acfe043 00000000363f0100
0x0000006d5deff008:   00007ffd7acf0001 0000000000000001
0x0000006d5deff018:   0000000000000000 00000000000045f3
0x0000006d5deff028:   000001e9384f5d80 000001e90e6e47b0
0x0000006d5deff038:   00000000000045e7 0000000000000000
0x0000006d5deff048:   0000000000000040 0000000705e819d0
0x0000006d5deff058:   000001e937651b90 0000000705e819d1
0x0000006d5deff068:   00007ffd7a95f80c 000000000001c401
0x0000006d5deff078:   00007ffd7a960001 0000006d5deff330
0x0000006d5deff088:   0000000707440000 0000000000000000
0x0000006d5deff098:   00007ffd7acb4a3f 0000006d5deff120
0x0000006d5deff0a8:   0000000000000200 000001e90e6d9b00 

Instructions: (pc=0x000001e933e4a5f0)
0x000001e933e4a4f0:   00 00 00 00 00 00 00 00 a0 15 84 31 e9 01 00 00
0x000001e933e4a500:   00 00 00 00 00 00 00 00 2d 14 22 84 00 2a 01 90
0x000001e933e4a510:   10 a0 e4 33 e9 01 00 00 e0 48 4d 34 e9 01 00 00
0x000001e933e4a520:   20 84 a2 34 e9 01 00 00 2f 14 20 84 00 2b 01 90
0x000001e933e4a530:   00 00 00 00 00 00 00 00 f0 e5 50 33 e9 01 00 00
0x000001e933e4a540:   88 97 a2 34 e9 01 00 00 29 14 26 84 00 2c 01 90
0x000001e933e4a550:   90 a2 e4 33 e9 01 00 00 90 54 4d 34 e9 01 00 00
0x000001e933e4a560:   00 00 00 00 00 00 00 00 2b 14 24 84 00 2d 01 90
0x000001e933e4a570:   00 00 00 00 00 00 00 00 48 ed 50 33 e9 01 00 00
0x000001e933e4a580:   10 a1 9b 34 e9 01 00 00 25 14 3a 84 e9 2e 01 90
0x000001e933e4a590:   00 00 00 00 00 00 00 00 e8 e5 50 33 e9 01 00 00
0x000001e933e4a5a0:   00 00 00 00 00 00 00 00 27 14 38 84 00 2f 01 90
0x000001e933e4a5b0:   00 00 00 00 00 00 00 00 00 e6 50 33 e9 01 00 00
0x000001e933e4a5c0:   00 3d bd 33 e9 01 00 00 21 14 3e 84 00 30 01 90
0x000001e933e4a5d0:   00 00 00 00 00 00 00 00 30 e6 50 33 e9 01 00 00
0x000001e933e4a5e0:   40 42 89 34 e9 01 00 00 23 14 3c 84 00 31 01 88
0x000001e933e4a5f0:   b0 bb eb bb 00 00 00 00 00 00 00 00 00 00 00 00
0x000001e933e4a600:   ff ff ff ff e9 01 00 00 1d 14 32 84 00 32 01 90
0x000001e933e4a610:   10 6f 6e 34 e9 01 00 00 20 13 84 31 e9 01 00 00
0x000001e933e4a620:   00 00 00 00 00 00 00 00 1f 14 30 84 e9 33 01 90
0x000001e933e4a630:   d0 9f e4 33 e9 01 00 00 50 e6 50 33 e9 01 00 00
0x000001e933e4a640:   00 00 00 00 00 00 00 00 19 14 36 84 e9 34 01 90
0x000001e933e4a650:   00 00 00 00 00 00 00 00 70 7e a3 33 e9 01 00 00
0x000001e933e4a660:   00 00 00 00 00 00 00 00 1b 14 34 84 00 35 01 90
0x000001e933e4a670:   00 b7 4d 34 e9 01 00 00 00 15 84 31 e9 01 00 00
0x000001e933e4a680:   70 b1 98 33 e9 01 00 00 15 14 ca 84 00 36 01 90
0x000001e933e4a690:   d0 6c 3b 33 e9 01 00 00 10 e6 50 33 e9 01 00 00
0x000001e933e4a6a0:   00 00 00 00 00 00 00 00 17 14 c8 84 00 37 01 90
0x000001e933e4a6b0:   00 00 00 00 00 00 00 00 18 e6 50 33 e9 01 00 00
0x000001e933e4a6c0:   18 40 20 33 e9 01 00 00 11 14 ce 84 00 38 01 90
0x000001e933e4a6d0:   00 00 00 00 00 00 00 00 30 85 a3 33 e9 01 00 00
0x000001e933e4a6e0:   c0 57 20 33 e9 01 00 00 13 14 cc 84 00 39 01 90 


Stack slot to memory mapping:
stack at sp + 0 slots: 0x00007ffd7a9615c9 jvm.dll
stack at sp + 1 slots: 0x0000000000000001 is an unknown value
stack at sp + 2 slots: 0x0000000000000012 is an unknown value
stack at sp + 3 slots: 0x000001e937651b90 points into unknown readable memory: 0x00007ffd7af1a628 | 28 a6 f1 7a fd 7f 00 00
stack at sp + 4 slots: 0x0 is NULL
stack at sp + 5 slots: 0x0 is NULL
stack at sp + 6 slots: 0xffffffffffffffff is an unknown value
stack at sp + 7 slots: 0x0000000000000100 is an unknown value


---------------  P R O C E S S  ---------------

Threads class SMR info:
_java_thread_list=0x000001e933c274b0, length=23, elements={
0x000001e90e6cd0b0, 0x000001e931893bd0, 0x000001e931897640, 0x000001e9318b6ea0,
0x000001e9318ba3e0, 0x000001e9318bada0, 0x000001e9318bc600, 0x000001e9318bdc40,
0x000001e9325d3760, 0x000001e93282bef0, 0x000001e9326d2190, 0x000001e932dd6030,
0x000001e933647150, 0x000001e933648960, 0x000001e934975bb0, 0x000001e934976080,
0x000001e934973ed0, 0x000001e9349743a0, 0x000001e934976550, 0x000001e934974870,
0x000001e934976a20, 0x000001e934973060, 0x000001e934974d40
}

Java Threads: ( => current thread )
  0x000001e90e6cd0b0 JavaThread "main" [_thread_blocked, id=4900, stack(0x0000006d5c600000,0x0000006d5c700000)]
  0x000001e931893bd0 JavaThread "Reference Handler" daemon [_thread_blocked, id=28052, stack(0x0000006d5cd00000,0x0000006d5ce00000)]
  0x000001e931897640 JavaThread "Finalizer" daemon [_thread_blocked, id=9388, stack(0x0000006d5ce00000,0x0000006d5cf00000)]
  0x000001e9318b6ea0 JavaThread "Signal Dispatcher" daemon [_thread_blocked, id=28148, stack(0x0000006d5cf00000,0x0000006d5d000000)]
  0x000001e9318ba3e0 JavaThread "Attach Listener" daemon [_thread_blocked, id=20388, stack(0x0000006d5d000000,0x0000006d5d100000)]
  0x000001e9318bada0 JavaThread "Service Thread" daemon [_thread_blocked, id=5744, stack(0x0000006d5d100000,0x0000006d5d200000)]
  0x000001e9318bc600 JavaThread "C2 CompilerThread0" daemon [_thread_blocked, id=27628, stack(0x0000006d5d200000,0x0000006d5d300000)]
  0x000001e9318bdc40 JavaThread "C1 CompilerThread0" daemon [_thread_blocked, id=18160, stack(0x0000006d5d300000,0x0000006d5d400000)]
  0x000001e9325d3760 JavaThread "Sweeper thread" daemon [_thread_blocked, id=14944, stack(0x0000006d5d400000,0x0000006d5d500000)]
  0x000001e93282bef0 JavaThread "Notification Thread" daemon [_thread_blocked, id=26008, stack(0x0000006d5d500000,0x0000006d5d600000)]
  0x000001e9326d2190 JavaThread "Common-Cleaner" daemon [_thread_blocked, id=25320, stack(0x0000006d5d700000,0x0000006d5d800000)]
  0x000001e932dd6030 JavaThread "ReaderThread" [_thread_in_native, id=27252, stack(0x0000006d5d900000,0x0000006d5da00000)]
  0x000001e933647150 JavaThread "ForkJoinPool.commonPool-worker-3" daemon [_thread_blocked, id=3852, stack(0x0000006d5df00000,0x0000006d5e000000)]
  0x000001e933648960 JavaThread "Forwarding getAlertText on session ee47718a2d9cd5da7ff32a214b868057 to remote" [_thread_blocked, id=23144, stack(0x0000006d5ea00000,0x0000006d5eb00000)]
  0x000001e934975bb0 JavaThread "Exec Default Executor" daemon [_thread_in_native, id=20320, stack(0x0000006d5eb00000,0x0000006d5ec00000)]
  0x000001e934976080 JavaThread "UrlChecker-2" daemon [_thread_blocked, id=21220, stack(0x0000006d5ec00000,0x0000006d5ed00000)]
  0x000001e934973ed0 JavaThread "Exec Stream Pumper" daemon [_thread_in_native, id=26984, stack(0x0000006d5ef00000,0x0000006d5f000000)]
  0x000001e9349743a0 JavaThread "Exec Stream Pumper" daemon [_thread_in_native, id=21528, stack(0x0000006d5f000000,0x0000006d5f100000)]
  0x000001e934976550 JavaThread "OkHttp ConnectionPool" daemon [_thread_blocked, id=6184, stack(0x0000006d5f100000,0x0000006d5f200000)]
  0x000001e934974870 JavaThread "Okio Watchdog" daemon [_thread_blocked, id=25888, stack(0x0000006d5f200000,0x0000006d5f300000)]
  0x000001e934976a20 JavaThread "OkHttp ConnectionPool" daemon [_thread_blocked, id=22724, stack(0x0000006d5f300000,0x0000006d5f400000)]
  0x000001e934973060 JavaThread "OkHttp http://localhost:60372/..." [_thread_in_native, id=9972, stack(0x0000006d5f400000,0x0000006d5f500000)]
  0x000001e934974d40 JavaThread "Java2D Disposer" daemon [_thread_blocked, id=27204, stack(0x0000006d5ed00000,0x0000006d5ee00000)]

Other Threads:
  0x000001e9318918d0 VMThread "VM Thread" [stack: 0x0000006d5cc00000,0x0000006d5cd00000] [id=12264]
  0x000001e93282cb60 WatcherThread [stack: 0x0000006d5d600000,0x0000006d5d700000] [id=152]
  0x000001e90e71ac40 GCTaskThread "GC Thread#0" [stack: 0x0000006d5c700000,0x0000006d5c800000] [id=18684]
  0x000001e93345dec0 GCTaskThread "GC Thread#1" [stack: 0x0000006d5da00000,0x0000006d5db00000] [id=12684]
  0x000001e93345f840 GCTaskThread "GC Thread#2" [stack: 0x0000006d5db00000,0x0000006d5dc00000] [id=18296]
  0x000001e93345f1e0 GCTaskThread "GC Thread#3" [stack: 0x0000006d5dc00000,0x0000006d5dd00000] [id=5800]
  0x000001e93345e850 GCTaskThread "GC Thread#4" [stack: 0x0000006d5dd00000,0x0000006d5de00000] [id=23820]
=>0x000001e933460b60 GCTaskThread "GC Thread#5" [stack: 0x0000006d5de00000,0x0000006d5df00000] [id=21560]
  0x000001e936365170 GCTaskThread "GC Thread#6" [stack: 0x0000006d5e800000,0x0000006d5e900000] [id=27092]
  0x000001e936364b10 GCTaskThread "GC Thread#7" [stack: 0x0000006d5e900000,0x0000006d5ea00000] [id=5184]
  0x000001e90e72c720 ConcurrentGCThread "G1 Main Marker" [stack: 0x0000006d5c800000,0x0000006d5c900000] [id=16580]
  0x000001e90e72d220 ConcurrentGCThread "G1 Conc#0" [stack: 0x0000006d5c900000,0x0000006d5ca00000] [id=28360]
  0x000001e933460830 ConcurrentGCThread "G1 Conc#1" [stack: 0x0000006d5e000000,0x0000006d5e100000] [id=28204]
  0x000001e93176b000 ConcurrentGCThread "G1 Refine#0" [stack: 0x0000006d5ca00000,0x0000006d5cb00000] [id=23032]
  0x000001e9359985f0 ConcurrentGCThread "G1 Refine#1" [stack: 0x0000006d5e100000,0x0000006d5e200000] [id=16356]
  0x000001e933faa5c0 ConcurrentGCThread "G1 Refine#2" [stack: 0x0000006d5e200000,0x0000006d5e300000] [id=27584]
  0x000001e933fa9f00 ConcurrentGCThread "G1 Refine#3" [stack: 0x0000006d5e300000,0x0000006d5e400000] [id=23744]
  0x000001e933faafe0 ConcurrentGCThread "G1 Refine#4" [stack: 0x0000006d5e400000,0x0000006d5e500000] [id=9112]
  0x000001e933fab340 ConcurrentGCThread "G1 Refine#5" [stack: 0x0000006d5e500000,0x0000006d5e600000] [id=24556]
  0x000001e933fa9ba0 ConcurrentGCThread "G1 Refine#6" [stack: 0x0000006d5e600000,0x0000006d5e700000] [id=28316]
  0x000001e938c87580 ConcurrentGCThread "G1 Refine#7" [stack: 0x0000006d5e700000,0x0000006d5e800000] [id=18840]
  0x000001e93176bb10 ConcurrentGCThread "G1 Young RemSet Sampling" [stack: 0x0000006d5cb00000,0x0000006d5cc00000] [id=3296]

Threads with active compile tasks:
C1 CompilerThread0    46776 9468       3       org.openqa.selenium.Platform::fromString (145 bytes)

VM state: at safepoint (normal execution)

VM Mutex/Monitor currently owned by a thread:  ([mutex/lock_event])
[0x000001e90e6c7f90] Threads_lock - owner thread: 0x000001e9318918d0
[0x000001e90e6c80b0] Heap_lock - owner thread: 0x000001e9318bdc40

Heap address: 0x0000000702600000, size: 4058 MB, Compressed Oops mode: Zero based, Oop shift amount: 3
CDS archive(s) mapped at: [0x0000000800000000-0x0000000800b50000-0x0000000800b50000), size 11862016, SharedBaseAddress: 0x0000000800000000, ArchiveRelocationMode: 0.
Compressed class space mapped at: 0x0000000800b50000-0x0000000840b50000, size: 1073741824
Narrow klass base: 0x0000000800000000, Narrow klass shift: 3, Narrow klass range: 0x100000000

GC Precious Log:
 CPUs: 8 total, 8 available
 Memory: 16227M
 Large Page Support: Disabled
 NUMA Support: Disabled
 Compressed Oops: Enabled (Zero based)
 Heap Region Size: 2M
 Heap Min Capacity: 8M
 Heap Initial Capacity: 254M
 Heap Max Capacity: 4058M
 Pre-touch: Disabled
 Parallel Workers: 8
 Concurrent Workers: 2
 Concurrent Refinement Workers: 8
 Periodic GC: Disabled

Heap:
 garbage-first heap   total 520192K, used 411290K [0x0000000702600000, 0x0000000800000000)
  region size 2048K, 123 young (251904K), 14 survivors (28672K)
 Metaspace       used 63960K, capacity 64508K, committed 64616K, reserved 1105920K
  class space    used 7429K, capacity 7611K, committed 7680K, reserved 1048576K

Heap Regions: E=young(eden), S=young(survivor), O=old, HS=humongous(starts), HC=humongous(continues), CS=collection set, F=free, OA=open archive, CA=closed archive, TAMS=top-at-mark-start (previous, next)
|   0|0x0000000702600000, 0x0000000702800000, 0x0000000702800000|100%| O|  |TAMS 0x0000000702800000, 0x0000000702600000| Untracked 
|   1|0x0000000702800000, 0x0000000702a00000, 0x0000000702a00000|100%| O|  |TAMS 0x0000000702a00000, 0x0000000702800000| Untracked 
|   2|0x0000000702a00000, 0x0000000702c00000, 0x0000000702c00000|100%| O|  |TAMS 0x0000000702c00000, 0x0000000702a00000| Untracked 
|   3|0x0000000702c00000, 0x0000000702e00000, 0x0000000702e00000|100%| O|  |TAMS 0x0000000702e00000, 0x0000000702c00000| Untracked 
|   4|0x0000000702e00000, 0x0000000703000000, 0x0000000703000000|100%| O|  |TAMS 0x0000000703000000, 0x0000000702e00000| Untracked 
|   5|0x0000000703000000, 0x0000000703200000, 0x0000000703200000|100%| O|  |TAMS 0x0000000703200000, 0x0000000703000000| Untracked 
|   6|0x0000000703200000, 0x0000000703400000, 0x0000000703400000|100%| O|  |TAMS 0x0000000703400000, 0x0000000703200000| Untracked 
|   7|0x0000000703400000, 0x0000000703600000, 0x0000000703600000|100%| O|  |TAMS 0x0000000703400000, 0x0000000703400000| Untracked 
|   8|0x0000000703600000, 0x0000000703800000, 0x0000000703800000|100%| O|  |TAMS 0x0000000703600000, 0x0000000703600000| Untracked 
|   9|0x0000000703800000, 0x0000000703a00000, 0x0000000703a00000|100%| O|  |TAMS 0x0000000703a00000, 0x0000000703800000| Untracked 
|  10|0x0000000703a00000, 0x0000000703b34800, 0x0000000703c00000| 60%| O|  |TAMS 0x0000000703b34800, 0x0000000703a00000| Untracked 
|  11|0x0000000703c00000, 0x0000000703e00000, 0x0000000703e00000|100%| O|  |TAMS 0x0000000703c00000, 0x0000000703c00000| Untracked 
|  12|0x0000000703e00000, 0x0000000704000000, 0x0000000704000000|100%| O|  |TAMS 0x0000000704000000, 0x0000000703e00000| Untracked 
|  13|0x0000000704000000, 0x0000000704200000, 0x0000000704200000|100%| O|  |TAMS 0x0000000704200000, 0x0000000704000000| Untracked 
|  14|0x0000000704200000, 0x0000000704400000, 0x0000000704400000|100%| O|  |TAMS 0x0000000704400000, 0x0000000704200000| Untracked 
|  15|0x0000000704400000, 0x0000000704600000, 0x0000000704600000|100%| O|  |TAMS 0x0000000704600000, 0x0000000704400000| Untracked 
|  16|0x0000000704600000, 0x0000000704800000, 0x0000000704800000|100%|HS|  |TAMS 0x0000000704600000, 0x0000000704600000| Complete 
|  17|0x0000000704800000, 0x0000000704a00000, 0x0000000704a00000|100%|HC|  |TAMS 0x0000000704800000, 0x0000000704800000| Complete 
|  18|0x0000000704a00000, 0x0000000704c00000, 0x0000000704c00000|100%|HC|  |TAMS 0x0000000704a00000, 0x0000000704a00000| Complete 
|  19|0x0000000704c00000, 0x0000000704e00000, 0x0000000704e00000|100%|HC|  |TAMS 0x0000000704c00000, 0x0000000704c00000| Complete 
|  20|0x0000000704e00000, 0x0000000705000000, 0x0000000705000000|100%|HC|  |TAMS 0x0000000704e00000, 0x0000000704e00000| Complete 
|  21|0x0000000705000000, 0x0000000705200000, 0x0000000705200000|100%| O|  |TAMS 0x0000000705000000, 0x0000000705000000| Untracked 
|  22|0x0000000705200000, 0x0000000705400000, 0x0000000705400000|100%| O|  |TAMS 0x0000000705200000, 0x0000000705200000| Untracked 
|  23|0x0000000705400000, 0x0000000705600000, 0x0000000705600000|100%| O|  |TAMS 0x0000000705400000, 0x0000000705400000| Untracked 
|  24|0x0000000705600000, 0x0000000705800000, 0x0000000705800000|100%| O|  |TAMS 0x0000000705600000, 0x0000000705600000| Untracked 
|  25|0x0000000705800000, 0x0000000705a00000, 0x0000000705a00000|100%| O|  |TAMS 0x0000000705800000, 0x0000000705800000| Untracked 
|  26|0x0000000705a00000, 0x0000000705c00000, 0x0000000705c00000|100%| O|  |TAMS 0x0000000705a00000, 0x0000000705a00000| Untracked 
|  27|0x0000000705c00000, 0x0000000705e00000, 0x0000000705e00000|100%| O|  |TAMS 0x0000000705c00000, 0x0000000705c00000| Untracked 
|  28|0x0000000705e00000, 0x0000000706000000, 0x0000000706000000|100%| O|  |TAMS 0x0000000705e00000, 0x0000000705e00000| Untracked 
|  29|0x0000000706000000, 0x0000000706200000, 0x0000000706200000|100%| O|  |TAMS 0x0000000706000000, 0x0000000706000000| Untracked 
|  30|0x0000000706200000, 0x0000000706400000, 0x0000000706400000|100%| O|  |TAMS 0x0000000706200000, 0x0000000706200000| Untracked 
|  31|0x0000000706400000, 0x0000000706600000, 0x0000000706600000|100%| O|  |TAMS 0x0000000706400000, 0x0000000706400000| Untracked 
|  32|0x0000000706600000, 0x0000000706800000, 0x0000000706800000|100%| O|  |TAMS 0x0000000706600000, 0x0000000706600000| Untracked 
|  33|0x0000000706800000, 0x0000000706a00000, 0x0000000706a00000|100%| O|  |TAMS 0x0000000706800000, 0x0000000706800000| Untracked 
|  34|0x0000000706a00000, 0x0000000706c00000, 0x0000000706c00000|100%| O|  |TAMS 0x0000000706c00000, 0x0000000706a00000| Untracked 
|  35|0x0000000706c00000, 0x0000000706e00000, 0x0000000706e00000|100%| O|  |TAMS 0x0000000706e00000, 0x0000000706c00000| Untracked 
|  36|0x0000000706e00000, 0x0000000707000000, 0x0000000707000000|100%| O|  |TAMS 0x0000000706e00000, 0x0000000706e00000| Untracked 
|  37|0x0000000707000000, 0x0000000707200000, 0x0000000707200000|100%| O|  |TAMS 0x0000000707000000, 0x0000000707000000| Untracked 
|  38|0x0000000707200000, 0x0000000707400000, 0x0000000707400000|100%|HS|  |TAMS 0x0000000707200000, 0x0000000707200000| Complete 
|  39|0x0000000707400000, 0x0000000707600000, 0x0000000707600000|100%| O|  |TAMS 0x0000000707400000, 0x0000000707400000| Untracked 
|  40|0x0000000707600000, 0x0000000707800000, 0x0000000707800000|100%| O|  |TAMS 0x0000000707600000, 0x0000000707600000| Untracked 
|  41|0x0000000707800000, 0x0000000707a00000, 0x0000000707a00000|100%| O|  |TAMS 0x0000000707800000, 0x0000000707800000| Untracked 
|  42|0x0000000707a00000, 0x0000000707c00000, 0x0000000707c00000|100%| O|  |TAMS 0x0000000707a00000, 0x0000000707a00000| Untracked 
|  43|0x0000000707c00000, 0x0000000707e00000, 0x0000000707e00000|100%| O|  |TAMS 0x0000000707c00000, 0x0000000707c00000| Untracked 
|  44|0x0000000707e00000, 0x0000000708000000, 0x0000000708000000|100%| O|  |TAMS 0x0000000707e00000, 0x0000000707e00000| Untracked 
|  45|0x0000000708000000, 0x0000000708200000, 0x0000000708200000|100%|HS|  |TAMS 0x0000000708000000, 0x0000000708000000| Complete 
|  46|0x0000000708200000, 0x0000000708400000, 0x0000000708400000|100%|HC|  |TAMS 0x0000000708200000, 0x0000000708200000| Complete 
|  47|0x0000000708400000, 0x0000000708600000, 0x0000000708600000|100%|HS|  |TAMS 0x0000000708600000, 0x0000000708400000| Complete 
|  48|0x0000000708600000, 0x0000000708800000, 0x0000000708800000|100%|HC|  |TAMS 0x0000000708800000, 0x0000000708600000| Complete 
|  49|0x0000000708800000, 0x0000000708a00000, 0x0000000708a00000|100%| O|  |TAMS 0x0000000708800000, 0x0000000708800000| Untracked 
|  50|0x0000000708a00000, 0x0000000708c00000, 0x0000000708c00000|100%| O|  |TAMS 0x0000000708a00000, 0x0000000708a00000| Untracked 
|  51|0x0000000708c00000, 0x0000000708e00000, 0x0000000708e00000|100%| O|  |TAMS 0x0000000708c00000, 0x0000000708c00000| Untracked 
|  52|0x0000000708e00000, 0x0000000709000000, 0x0000000709000000|100%| O|  |TAMS 0x0000000708e00000, 0x0000000708e00000| Untracked 
|  53|0x0000000709000000, 0x0000000709200000, 0x0000000709200000|100%| O|  |TAMS 0x0000000709000000, 0x0000000709000000| Untracked 
|  54|0x0000000709200000, 0x0000000709400000, 0x0000000709400000|100%| O|  |TAMS 0x0000000709200000, 0x0000000709200000| Untracked 
|  55|0x0000000709400000, 0x0000000709600000, 0x0000000709600000|100%| O|  |TAMS 0x0000000709400000, 0x0000000709400000| Untracked 
|  56|0x0000000709600000, 0x0000000709800000, 0x0000000709800000|100%| O|  |TAMS 0x0000000709600000, 0x0000000709600000| Untracked 
|  57|0x0000000709800000, 0x0000000709a00000, 0x0000000709a00000|100%|HS|  |TAMS 0x0000000709800000, 0x0000000709800000| Complete 
|  58|0x0000000709a00000, 0x0000000709c00000, 0x0000000709c00000|100%|HC|  |TAMS 0x0000000709a00000, 0x0000000709a00000| Complete 
|  59|0x0000000709c00000, 0x0000000709e00000, 0x0000000709e00000|100%|HC|  |TAMS 0x0000000709c00000, 0x0000000709c00000| Complete 
|  60|0x0000000709e00000, 0x000000070a000000, 0x000000070a000000|100%| O|  |TAMS 0x0000000709e00000, 0x0000000709e00000| Untracked 
|  61|0x000000070a000000, 0x000000070a200000, 0x000000070a200000|100%| O|  |TAMS 0x000000070a000000, 0x000000070a000000| Untracked 
|  62|0x000000070a200000, 0x000000070a400000, 0x000000070a400000|100%| O|  |TAMS 0x000000070a200000, 0x000000070a200000| Untracked 
|  63|0x000000070a400000, 0x000000070a600000, 0x000000070a600000|100%| O|  |TAMS 0x000000070a400000, 0x000000070a400000| Untracked 
|  64|0x000000070a600000, 0x000000070a800000, 0x000000070a800000|100%|HS|  |TAMS 0x000000070a600000, 0x000000070a600000| Complete 
|  65|0x000000070a800000, 0x000000070aa00000, 0x000000070aa00000|100%|HC|  |TAMS 0x000000070a800000, 0x000000070a800000| Complete 
|  66|0x000000070aa00000, 0x000000070ac00000, 0x000000070ac00000|100%|HC|  |TAMS 0x000000070aa00000, 0x000000070aa00000| Complete 
|  67|0x000000070ac00000, 0x000000070ae00000, 0x000000070ae00000|100%|HC|  |TAMS 0x000000070ac00000, 0x000000070ac00000| Complete 
|  68|0x000000070ae00000, 0x000000070b000000, 0x000000070b000000|100%|HS|  |TAMS 0x000000070ae00000, 0x000000070ae00000| Complete 
|  69|0x000000070b000000, 0x000000070b200000, 0x000000070b200000|100%|HC|  |TAMS 0x000000070b000000, 0x000000070b000000| Complete 
|  70|0x000000070b200000, 0x000000070b400000, 0x000000070b400000|100%|HC|  |TAMS 0x000000070b200000, 0x000000070b200000| Complete 
|  71|0x000000070b400000, 0x000000070b600000, 0x000000070b600000|100%|HC|  |TAMS 0x000000070b400000, 0x000000070b400000| Complete 
|  72|0x000000070b600000, 0x000000070b800000, 0x000000070b800000|100%| S|  |TAMS 0x000000070b600000, 0x000000070b600000| Complete 
|  73|0x000000070b800000, 0x000000070ba00000, 0x000000070ba00000|100%| O|  |TAMS 0x000000070b83a200, 0x000000070b800000| Untracked 
|  74|0x000000070ba00000, 0x000000070bc00000, 0x000000070bc00000|100%| S|  |TAMS 0x000000070ba00000, 0x000000070ba00000| Complete 
|  75|0x000000070bc00000, 0x000000070be00000, 0x000000070be00000|100%| S|  |TAMS 0x000000070bc00000, 0x000000070bc00000| Complete 
|  76|0x000000070be00000, 0x000000070c000000, 0x000000070c000000|100%| S|  |TAMS 0x000000070be00000, 0x000000070be00000| Complete 
|  77|0x000000070c000000, 0x000000070c200000, 0x000000070c200000|100%|HS|  |TAMS 0x000000070c000000, 0x000000070c000000| Complete 
|  78|0x000000070c200000, 0x000000070c400000, 0x000000070c400000|100%|HC|  |TAMS 0x000000070c200000, 0x000000070c200000| Complete 
|  79|0x000000070c400000, 0x000000070c600000, 0x000000070c600000|100%|HS|  |TAMS 0x000000070c400000, 0x000000070c400000| Complete 
|  80|0x000000070c600000, 0x000000070c800000, 0x000000070c800000|100%|HC|  |TAMS 0x000000070c600000, 0x000000070c600000| Complete 
|  81|0x000000070c800000, 0x000000070ca00000, 0x000000070ca00000|100%|HC|  |TAMS 0x000000070c800000, 0x000000070c800000| Complete 
|  82|0x000000070ca00000, 0x000000070cc00000, 0x000000070cc00000|100%|HC|  |TAMS 0x000000070ca00000, 0x000000070ca00000| Complete 
|  83|0x000000070cc00000, 0x000000070ce00000, 0x000000070ce00000|100%|HS|  |TAMS 0x000000070cc00000, 0x000000070cc00000| Complete 
|  84|0x000000070ce00000, 0x000000070d000000, 0x000000070d000000|100%|HC|  |TAMS 0x000000070ce00000, 0x000000070ce00000| Complete 
|  85|0x000000070d000000, 0x000000070d200000, 0x000000070d200000|100%|HS|  |TAMS 0x000000070d000000, 0x000000070d000000| Complete 
|  86|0x000000070d200000, 0x000000070d400000, 0x000000070d400000|100%|HC|  |TAMS 0x000000070d200000, 0x000000070d200000| Complete 
|  87|0x000000070d400000, 0x000000070d600000, 0x000000070d600000|100%|HC|  |TAMS 0x000000070d400000, 0x000000070d400000| Complete 
|  88|0x000000070d600000, 0x000000070d800000, 0x000000070d800000|100%|HS|  |TAMS 0x000000070d600000, 0x000000070d600000| Complete 
|  89|0x000000070d800000, 0x000000070da00000, 0x000000070da00000|100%|HC|  |TAMS 0x000000070d800000, 0x000000070d800000| Complete 
|  90|0x000000070da00000, 0x000000070dc00000, 0x000000070dc00000|100%|HS|  |TAMS 0x000000070da00000, 0x000000070da00000| Complete 
|  91|0x000000070dc00000, 0x000000070de00000, 0x000000070de00000|100%|HC|  |TAMS 0x000000070dc00000, 0x000000070dc00000| Complete 
|  92|0x000000070de00000, 0x000000070e000000, 0x000000070e000000|100%|HC|  |TAMS 0x000000070de00000, 0x000000070de00000| Complete 
|  93|0x000000070e000000, 0x000000070e200000, 0x000000070e200000|100%|HS|  |TAMS 0x000000070e000000, 0x000000070e000000| Complete 
|  94|0x000000070e200000, 0x000000070e400000, 0x000000070e400000|100%|HC|  |TAMS 0x000000070e200000, 0x000000070e200000| Complete 
|  95|0x000000070e400000, 0x000000070e600000, 0x000000070e600000|100%|HC|  |TAMS 0x000000070e400000, 0x000000070e400000| Complete 
|  96|0x000000070e600000, 0x000000070e800000, 0x000000070e800000|100%|HC|  |TAMS 0x000000070e600000, 0x000000070e600000| Complete 
|  97|0x000000070e800000, 0x000000070ea00000, 0x000000070ea00000|100%|HC|  |TAMS 0x000000070e800000, 0x000000070e800000| Complete 
|  98|0x000000070ea00000, 0x000000070ec00000, 0x000000070ec00000|100%|HC|  |TAMS 0x000000070ea00000, 0x000000070ea00000| Complete 
|  99|0x000000070ec00000, 0x000000070ee00000, 0x000000070ee00000|100%|HC|  |TAMS 0x000000070ec00000, 0x000000070ec00000| Complete 
| 100|0x000000070ee00000, 0x000000070f000000, 0x000000070f000000|100%|HC|  |TAMS 0x000000070ee00000, 0x000000070ee00000| Complete 
| 101|0x000000070f000000, 0x000000070f200000, 0x000000070f200000|100%|HC|  |TAMS 0x000000070f000000, 0x000000070f000000| Complete 
| 102|0x000000070f200000, 0x000000070f400000, 0x000000070f400000|100%| S|  |TAMS 0x000000070f200000, 0x000000070f200000| Complete 
| 103|0x000000070f400000, 0x000000070f600000, 0x000000070f600000|100%| S|  |TAMS 0x000000070f400000, 0x000000070f400000| Complete 
| 104|0x000000070f600000, 0x000000070f800000, 0x000000070f800000|100%| S|  |TAMS 0x000000070f600000, 0x000000070f600000| Complete 
| 105|0x000000070f800000, 0x000000070fa00000, 0x000000070fa00000|100%| S|  |TAMS 0x000000070f800000, 0x000000070f800000| Complete 
| 106|0x000000070fa00000, 0x000000070fc00000, 0x000000070fc00000|100%| S|  |TAMS 0x000000070fa00000, 0x000000070fa00000| Complete 
| 107|0x000000070fc00000, 0x000000070fe00000, 0x000000070fe00000|100%| S|  |TAMS 0x000000070fc00000, 0x000000070fc00000| Complete 
| 108|0x000000070fe00000, 0x0000000710000000, 0x0000000710000000|100%| S|  |TAMS 0x000000070fe00000, 0x000000070fe00000| Complete 
| 109|0x0000000710000000, 0x0000000710200000, 0x0000000710200000|100%| S|  |TAMS 0x0000000710000000, 0x0000000710000000| Complete 
| 110|0x0000000710200000, 0x0000000710400000, 0x0000000710400000|100%| S|  |TAMS 0x0000000710200000, 0x0000000710200000| Complete 
| 111|0x0000000710400000, 0x0000000710600000, 0x0000000710600000|100%| S|  |TAMS 0x0000000710400000, 0x0000000710400000| Complete 
| 112|0x0000000710600000, 0x0000000710800000, 0x0000000710800000|100%| E|CS|TAMS 0x0000000710600000, 0x0000000710600000| Complete 
| 113|0x0000000710800000, 0x0000000710a00000, 0x0000000710a00000|100%| E|CS|TAMS 0x0000000710800000, 0x0000000710800000| Complete 
| 114|0x0000000710a00000, 0x0000000710c00000, 0x0000000710c00000|100%| E|CS|TAMS 0x0000000710a00000, 0x0000000710a00000| Complete 
| 115|0x0000000710c00000, 0x0000000710e00000, 0x0000000710e00000|100%| E|CS|TAMS 0x0000000710c00000, 0x0000000710c00000| Complete 
| 116|0x0000000710e00000, 0x0000000711000000, 0x0000000711000000|100%| E|CS|TAMS 0x0000000710e00000, 0x0000000710e00000| Complete 
| 117|0x0000000711000000, 0x0000000711200000, 0x0000000711200000|100%| E|CS|TAMS 0x0000000711000000, 0x0000000711000000| Complete 
| 118|0x0000000711200000, 0x0000000711400000, 0x0000000711400000|100%| E|CS|TAMS 0x0000000711200000, 0x0000000711200000| Complete 
| 119|0x0000000711400000, 0x0000000711600000, 0x0000000711600000|100%| E|CS|TAMS 0x0000000711400000, 0x0000000711400000| Complete 
| 120|0x0000000711600000, 0x0000000711800000, 0x0000000711800000|100%| E|CS|TAMS 0x0000000711600000, 0x0000000711600000| Complete 
| 121|0x0000000711800000, 0x0000000711a00000, 0x0000000711a00000|100%| E|CS|TAMS 0x0000000711800000, 0x0000000711800000| Complete 
| 122|0x0000000711a00000, 0x0000000711c00000, 0x0000000711c00000|100%| E|CS|TAMS 0x0000000711a00000, 0x0000000711a00000| Complete 
| 123|0x0000000711c00000, 0x0000000711e00000, 0x0000000711e00000|100%| E|CS|TAMS 0x0000000711c00000, 0x0000000711c00000| Complete 
| 124|0x0000000711e00000, 0x0000000712000000, 0x0000000712000000|100%| E|CS|TAMS 0x0000000711e00000, 0x0000000711e00000| Complete 
| 125|0x0000000712000000, 0x0000000712200000, 0x0000000712200000|100%| E|CS|TAMS 0x0000000712000000, 0x0000000712000000| Complete 
| 126|0x0000000712200000, 0x0000000712400000, 0x0000000712400000|100%| E|CS|TAMS 0x0000000712200000, 0x0000000712200000| Complete 
| 127|0x0000000712400000, 0x0000000712600000, 0x0000000712600000|100%| E|CS|TAMS 0x0000000712400000, 0x0000000712400000| Complete 
| 128|0x0000000712600000, 0x0000000712800000, 0x0000000712800000|100%| E|CS|TAMS 0x0000000712600000, 0x0000000712600000| Complete 
| 129|0x0000000712800000, 0x0000000712a00000, 0x0000000712a00000|100%| E|CS|TAMS 0x0000000712800000, 0x0000000712800000| Complete 
| 130|0x0000000712a00000, 0x0000000712c00000, 0x0000000712c00000|100%| E|CS|TAMS 0x0000000712a00000, 0x0000000712a00000| Complete 
| 131|0x0000000712c00000, 0x0000000712e00000, 0x0000000712e00000|100%| E|CS|TAMS 0x0000000712c00000, 0x0000000712c00000| Complete 
| 132|0x0000000712e00000, 0x0000000713000000, 0x0000000713000000|100%| E|CS|TAMS 0x0000000712e00000, 0x0000000712e00000| Complete 
| 133|0x0000000713000000, 0x0000000713200000, 0x0000000713200000|100%| E|CS|TAMS 0x0000000713000000, 0x0000000713000000| Complete 
| 134|0x0000000713200000, 0x0000000713400000, 0x0000000713400000|100%| E|CS|TAMS 0x0000000713200000, 0x0000000713200000| Complete 
| 135|0x0000000713400000, 0x0000000713600000, 0x0000000713600000|100%| E|CS|TAMS 0x0000000713400000, 0x0000000713400000| Complete 
| 136|0x0000000713600000, 0x0000000713800000, 0x0000000713800000|100%| E|CS|TAMS 0x0000000713600000, 0x0000000713600000| Complete 
| 137|0x0000000713800000, 0x0000000713a00000, 0x0000000713a00000|100%| E|CS|TAMS 0x0000000713800000, 0x0000000713800000| Complete 
| 138|0x0000000713a00000, 0x0000000713c00000, 0x0000000713c00000|100%| E|CS|TAMS 0x0000000713a00000, 0x0000000713a00000| Complete 
| 139|0x0000000713c00000, 0x0000000713e00000, 0x0000000713e00000|100%| E|CS|TAMS 0x0000000713c00000, 0x0000000713c00000| Complete 
| 140|0x0000000713e00000, 0x0000000714000000, 0x0000000714000000|100%| E|CS|TAMS 0x0000000713e00000, 0x0000000713e00000| Complete 
| 141|0x0000000714000000, 0x0000000714200000, 0x0000000714200000|100%| E|CS|TAMS 0x0000000714000000, 0x0000000714000000| Complete 
| 142|0x0000000714200000, 0x0000000714400000, 0x0000000714400000|100%| E|CS|TAMS 0x0000000714200000, 0x0000000714200000| Complete 
| 143|0x0000000714400000, 0x0000000714600000, 0x0000000714600000|100%| E|CS|TAMS 0x0000000714400000, 0x0000000714400000| Complete 
| 144|0x0000000714600000, 0x0000000714800000, 0x0000000714800000|100%| E|CS|TAMS 0x0000000714600000, 0x0000000714600000| Complete 
| 145|0x0000000714800000, 0x0000000714a00000, 0x0000000714a00000|100%| E|CS|TAMS 0x0000000714800000, 0x0000000714800000| Complete 
| 146|0x0000000714a00000, 0x0000000714c00000, 0x0000000714c00000|100%| E|CS|TAMS 0x0000000714a00000, 0x0000000714a00000| Complete 
| 147|0x0000000714c00000, 0x0000000714e00000, 0x0000000714e00000|100%| E|CS|TAMS 0x0000000714c00000, 0x0000000714c00000| Complete 
| 148|0x0000000714e00000, 0x0000000715000000, 0x0000000715000000|100%| E|CS|TAMS 0x0000000714e00000, 0x0000000714e00000| Complete 
| 149|0x0000000715000000, 0x0000000715200000, 0x0000000715200000|100%| E|CS|TAMS 0x0000000715000000, 0x0000000715000000| Complete 
| 150|0x0000000715200000, 0x0000000715400000, 0x0000000715400000|100%| E|CS|TAMS 0x0000000715200000, 0x0000000715200000| Complete 
| 151|0x0000000715400000, 0x0000000715600000, 0x0000000715600000|100%| E|CS|TAMS 0x0000000715400000, 0x0000000715400000| Complete 
| 152|0x0000000715600000, 0x0000000715800000, 0x0000000715800000|100%| E|CS|TAMS 0x0000000715600000, 0x0000000715600000| Complete 
| 153|0x0000000715800000, 0x0000000715a00000, 0x0000000715a00000|100%| E|CS|TAMS 0x0000000715800000, 0x0000000715800000| Complete 
| 154|0x0000000715a00000, 0x0000000715c00000, 0x0000000715c00000|100%| E|CS|TAMS 0x0000000715a00000, 0x0000000715a00000| Complete 
| 155|0x0000000715c00000, 0x0000000715e00000, 0x0000000715e00000|100%| E|CS|TAMS 0x0000000715c00000, 0x0000000715c00000| Complete 
| 156|0x0000000715e00000, 0x0000000716000000, 0x0000000716000000|100%| E|CS|TAMS 0x0000000715e00000, 0x0000000715e00000| Complete 
| 157|0x0000000716000000, 0x0000000716200000, 0x0000000716200000|100%| E|CS|TAMS 0x0000000716000000, 0x0000000716000000| Complete 
| 158|0x0000000716200000, 0x0000000716400000, 0x0000000716400000|100%| E|CS|TAMS 0x0000000716200000, 0x0000000716200000| Complete 
| 159|0x0000000716400000, 0x0000000716600000, 0x0000000716600000|100%| E|CS|TAMS 0x0000000716400000, 0x0000000716400000| Complete 
| 160|0x0000000716600000, 0x0000000716800000, 0x0000000716800000|100%| E|CS|TAMS 0x0000000716600000, 0x0000000716600000| Complete 
| 161|0x0000000716800000, 0x0000000716a00000, 0x0000000716a00000|100%| E|CS|TAMS 0x0000000716800000, 0x0000000716800000| Complete 
| 162|0x0000000716a00000, 0x0000000716c00000, 0x0000000716c00000|100%| E|CS|TAMS 0x0000000716a00000, 0x0000000716a00000| Complete 
| 163|0x0000000716c00000, 0x0000000716e00000, 0x0000000716e00000|100%| E|CS|TAMS 0x0000000716c00000, 0x0000000716c00000| Complete 
| 164|0x0000000716e00000, 0x0000000717000000, 0x0000000717000000|100%| E|CS|TAMS 0x0000000716e00000, 0x0000000716e00000| Complete 
| 165|0x0000000717000000, 0x0000000717200000, 0x0000000717200000|100%| E|CS|TAMS 0x0000000717000000, 0x0000000717000000| Complete 
| 166|0x0000000717200000, 0x0000000717400000, 0x0000000717400000|100%| E|CS|TAMS 0x0000000717200000, 0x0000000717200000| Complete 
| 167|0x0000000717400000, 0x0000000717600000, 0x0000000717600000|100%| E|CS|TAMS 0x0000000717400000, 0x0000000717400000| Complete 
| 168|0x0000000717600000, 0x0000000717800000, 0x0000000717800000|100%| E|CS|TAMS 0x0000000717600000, 0x0000000717600000| Complete 
| 169|0x0000000717800000, 0x0000000717a00000, 0x0000000717a00000|100%| E|CS|TAMS 0x0000000717800000, 0x0000000717800000| Complete 
| 170|0x0000000717a00000, 0x0000000717c00000, 0x0000000717c00000|100%| E|CS|TAMS 0x0000000717a00000, 0x0000000717a00000| Complete 
| 171|0x0000000717c00000, 0x0000000717e00000, 0x0000000717e00000|100%| E|CS|TAMS 0x0000000717c00000, 0x0000000717c00000| Complete 
| 172|0x0000000717e00000, 0x0000000718000000, 0x0000000718000000|100%| E|CS|TAMS 0x0000000717e00000, 0x0000000717e00000| Complete 
| 173|0x0000000718000000, 0x0000000718200000, 0x0000000718200000|100%| E|CS|TAMS 0x0000000718000000, 0x0000000718000000| Complete 
| 174|0x0000000718200000, 0x0000000718400000, 0x0000000718400000|100%| E|CS|TAMS 0x0000000718200000, 0x0000000718200000| Complete 
| 175|0x0000000718400000, 0x0000000718600000, 0x0000000718600000|100%| E|CS|TAMS 0x0000000718400000, 0x0000000718400000| Complete 
| 176|0x0000000718600000, 0x0000000718800000, 0x0000000718800000|100%| E|CS|TAMS 0x0000000718600000, 0x0000000718600000| Complete 
| 177|0x0000000718800000, 0x0000000718a00000, 0x0000000718a00000|100%| E|CS|TAMS 0x0000000718800000, 0x0000000718800000| Complete 
| 178|0x0000000718a00000, 0x0000000718c00000, 0x0000000718c00000|100%| E|CS|TAMS 0x0000000718a00000, 0x0000000718a00000| Complete 
| 179|0x0000000718c00000, 0x0000000718e00000, 0x0000000718e00000|100%| E|CS|TAMS 0x0000000718c00000, 0x0000000718c00000| Complete 
| 180|0x0000000718e00000, 0x0000000719000000, 0x0000000719000000|100%| E|CS|TAMS 0x0000000718e00000, 0x0000000718e00000| Complete 
| 181|0x0000000719000000, 0x0000000719200000, 0x0000000719200000|100%| E|CS|TAMS 0x0000000719000000, 0x0000000719000000| Complete 
| 182|0x0000000719200000, 0x0000000719400000, 0x0000000719400000|100%| E|CS|TAMS 0x0000000719200000, 0x0000000719200000| Complete 
| 183|0x0000000719400000, 0x0000000719600000, 0x0000000719600000|100%| E|CS|TAMS 0x0000000719400000, 0x0000000719400000| Complete 
| 184|0x0000000719600000, 0x0000000719800000, 0x0000000719800000|100%| E|CS|TAMS 0x0000000719600000, 0x0000000719600000| Complete 
| 185|0x0000000719800000, 0x0000000719a00000, 0x0000000719a00000|100%| E|CS|TAMS 0x0000000719800000, 0x0000000719800000| Complete 
| 186|0x0000000719a00000, 0x0000000719c00000, 0x0000000719c00000|100%| E|CS|TAMS 0x0000000719a00000, 0x0000000719a00000| Complete 
| 187|0x0000000719c00000, 0x0000000719e00000, 0x0000000719e00000|100%| E|CS|TAMS 0x0000000719c00000, 0x0000000719c00000| Complete 
| 188|0x0000000719e00000, 0x000000071a000000, 0x000000071a000000|100%| E|CS|TAMS 0x0000000719e00000, 0x0000000719e00000| Complete 
| 189|0x000000071a000000, 0x000000071a200000, 0x000000071a200000|100%| E|CS|TAMS 0x000000071a000000, 0x000000071a000000| Complete 
| 190|0x000000071a200000, 0x000000071a400000, 0x000000071a400000|100%| E|CS|TAMS 0x000000071a200000, 0x000000071a200000| Complete 
| 191|0x000000071a400000, 0x000000071a600000, 0x000000071a600000|100%| E|CS|TAMS 0x000000071a400000, 0x000000071a400000| Complete 
| 192|0x000000071a600000, 0x000000071a800000, 0x000000071a800000|100%| E|CS|TAMS 0x000000071a600000, 0x000000071a600000| Complete 
| 193|0x000000071a800000, 0x000000071aa00000, 0x000000071aa00000|100%| E|CS|TAMS 0x000000071a800000, 0x000000071a800000| Complete 
| 194|0x000000071aa00000, 0x000000071ac00000, 0x000000071ac00000|100%| E|CS|TAMS 0x000000071aa00000, 0x000000071aa00000| Complete 
| 195|0x000000071ac00000, 0x000000071ae00000, 0x000000071ae00000|100%| E|CS|TAMS 0x000000071ac00000, 0x000000071ac00000| Complete 
| 196|0x000000071ae00000, 0x000000071b000000, 0x000000071b000000|100%| E|CS|TAMS 0x000000071ae00000, 0x000000071ae00000| Complete 
| 197|0x000000071b000000, 0x000000071b200000, 0x000000071b200000|100%| E|CS|TAMS 0x000000071b000000, 0x000000071b000000| Complete 
| 198|0x000000071b200000, 0x000000071b400000, 0x000000071b400000|100%| E|CS|TAMS 0x000000071b200000, 0x000000071b200000| Complete 
| 199|0x000000071b400000, 0x000000071b600000, 0x000000071b600000|100%| E|CS|TAMS 0x000000071b400000, 0x000000071b400000| Complete 
| 200|0x000000071b600000, 0x000000071b800000, 0x000000071b800000|100%| E|CS|TAMS 0x000000071b600000, 0x000000071b600000| Complete 
| 201|0x000000071b800000, 0x000000071ba00000, 0x000000071ba00000|100%| E|CS|TAMS 0x000000071b800000, 0x000000071b800000| Complete 
| 202|0x000000071ba00000, 0x000000071bc00000, 0x000000071bc00000|100%| E|CS|TAMS 0x000000071ba00000, 0x000000071ba00000| Complete 
| 203|0x000000071bc00000, 0x000000071be00000, 0x000000071be00000|100%| E|CS|TAMS 0x000000071bc00000, 0x000000071bc00000| Complete 
| 204|0x000000071be00000, 0x000000071c000000, 0x000000071c000000|100%| E|CS|TAMS 0x000000071be00000, 0x000000071be00000| Complete 
| 205|0x000000071c000000, 0x000000071c200000, 0x000000071c200000|100%| E|CS|TAMS 0x000000071c000000, 0x000000071c000000| Complete 
| 206|0x000000071c200000, 0x000000071c400000, 0x000000071c400000|100%| E|CS|TAMS 0x000000071c200000, 0x000000071c200000| Complete 
| 207|0x000000071c400000, 0x000000071c600000, 0x000000071c600000|100%| E|CS|TAMS 0x000000071c400000, 0x000000071c400000| Complete 
| 208|0x000000071c600000, 0x000000071c800000, 0x000000071c800000|100%| E|CS|TAMS 0x000000071c600000, 0x000000071c600000| Complete 
| 209|0x000000071c800000, 0x000000071ca00000, 0x000000071ca00000|100%| E|CS|TAMS 0x000000071c800000, 0x000000071c800000| Complete 
| 210|0x000000071ca00000, 0x000000071cc00000, 0x000000071cc00000|100%| E|CS|TAMS 0x000000071ca00000, 0x000000071ca00000| Complete 
| 211|0x000000071cc00000, 0x000000071ce00000, 0x000000071ce00000|100%| E|CS|TAMS 0x000000071cc00000, 0x000000071cc00000| Complete 
| 212|0x000000071ce00000, 0x000000071d000000, 0x000000071d000000|100%| E|CS|TAMS 0x000000071ce00000, 0x000000071ce00000| Complete 
| 213|0x000000071d000000, 0x000000071d200000, 0x000000071d200000|100%| E|CS|TAMS 0x000000071d000000, 0x000000071d000000| Complete 
| 214|0x000000071d200000, 0x000000071d400000, 0x000000071d400000|100%| E|CS|TAMS 0x000000071d200000, 0x000000071d200000| Complete 
| 215|0x000000071d400000, 0x000000071d600000, 0x000000071d600000|100%| E|CS|TAMS 0x000000071d400000, 0x000000071d400000| Complete 
| 216|0x000000071d600000, 0x000000071d800000, 0x000000071d800000|100%| E|CS|TAMS 0x000000071d600000, 0x000000071d600000| Complete 
| 217|0x000000071d800000, 0x000000071da00000, 0x000000071da00000|100%| E|CS|TAMS 0x000000071d800000, 0x000000071d800000| Complete 
| 218|0x000000071da00000, 0x000000071dc00000, 0x000000071dc00000|100%| E|CS|TAMS 0x000000071da00000, 0x000000071da00000| Complete 
| 219|0x000000071dc00000, 0x000000071de00000, 0x000000071de00000|100%| E|CS|TAMS 0x000000071dc00000, 0x000000071dc00000| Complete 
| 220|0x000000071de00000, 0x000000071e000000, 0x000000071e000000|100%| E|CS|TAMS 0x000000071de00000, 0x000000071de00000| Complete 
| 221|0x000000071e000000, 0x000000071e200000, 0x000000071e200000|100%| E|CS|TAMS 0x000000071e000000, 0x000000071e000000| Complete 
| 222|0x000000071e200000, 0x000000071e400000, 0x000000071e400000|100%| E|CS|TAMS 0x000000071e200000, 0x000000071e200000| Complete 
|1998|0x00000007fc200000, 0x00000007fc35aaf0, 0x00000007fc400000| 67%| O|  |TAMS 0x00000007fc200000, 0x00000007fc200000| Untracked 
|1999|0x00000007fc400000, 0x00000007fc600000, 0x00000007fc600000|100%| O|  |TAMS 0x00000007fc400000, 0x00000007fc400000| Untracked 
|2000|0x00000007fc600000, 0x00000007fc800000, 0x00000007fc800000|100%| O|  |TAMS 0x00000007fc600000, 0x00000007fc600000| Untracked 
|2001|0x00000007fc800000, 0x00000007fca00000, 0x00000007fca00000|100%| O|  |TAMS 0x00000007fc800000, 0x00000007fc800000| Untracked 
|2002|0x00000007fca00000, 0x00000007fcc00000, 0x00000007fcc00000|100%| O|  |TAMS 0x00000007fca00000, 0x00000007fca00000| Untracked 
|2003|0x00000007fcc00000, 0x00000007fce00000, 0x00000007fce00000|100%| O|  |TAMS 0x00000007fcc00000, 0x00000007fcc00000| Untracked 
|2004|0x00000007fce00000, 0x00000007fd000000, 0x00000007fd000000|100%| O|  |TAMS 0x00000007fce00000, 0x00000007fce00000| Untracked 
|2005|0x00000007fd000000, 0x00000007fd200000, 0x00000007fd200000|100%| O|  |TAMS 0x00000007fd000000, 0x00000007fd000000| Untracked 
|2006|0x00000007fd200000, 0x00000007fd400000, 0x00000007fd400000|100%| O|  |TAMS 0x00000007fd200000, 0x00000007fd200000| Untracked 
|2007|0x00000007fd400000, 0x00000007fd600000, 0x00000007fd600000|100%| O|  |TAMS 0x00000007fd400000, 0x00000007fd400000| Untracked 
|2008|0x00000007fd600000, 0x00000007fd800000, 0x00000007fd800000|100%| O|  |TAMS 0x00000007fd600000, 0x00000007fd600000| Untracked 
|2009|0x00000007fd800000, 0x00000007fda00000, 0x00000007fda00000|100%| O|  |TAMS 0x00000007fd800000, 0x00000007fd800000| Untracked 
|2010|0x00000007fda00000, 0x00000007fdc00000, 0x00000007fdc00000|100%| O|  |TAMS 0x00000007fda00000, 0x00000007fda00000| Untracked 
|2011|0x00000007fdc00000, 0x00000007fde00000, 0x00000007fde00000|100%| O|  |TAMS 0x00000007fdc00000, 0x00000007fdc00000| Untracked 
|2012|0x00000007fde00000, 0x00000007fe000000, 0x00000007fe000000|100%| O|  |TAMS 0x00000007fde00000, 0x00000007fde00000| Untracked 
|2013|0x00000007fe000000, 0x00000007fe200000, 0x00000007fe200000|100%| O|  |TAMS 0x00000007fe000000, 0x00000007fe000000| Untracked 
|2014|0x00000007fe200000, 0x00000007fe400000, 0x00000007fe400000|100%| O|  |TAMS 0x00000007fe200000, 0x00000007fe200000| Untracked 
|2015|0x00000007fe400000, 0x00000007fe600000, 0x00000007fe600000|100%| O|  |TAMS 0x00000007fe400000, 0x00000007fe400000| Untracked 
|2016|0x00000007fe600000, 0x00000007fe800000, 0x00000007fe800000|100%| O|  |TAMS 0x00000007fe600000, 0x00000007fe600000| Untracked 
|2017|0x00000007fe800000, 0x00000007fea00000, 0x00000007fea00000|100%| O|  |TAMS 0x00000007fe800000, 0x00000007fe800000| Untracked 
|2018|0x00000007fea00000, 0x00000007fec00000, 0x00000007fec00000|100%| O|  |TAMS 0x00000007fea00000, 0x00000007fea00000| Untracked 
|2019|0x00000007fec00000, 0x00000007fee00000, 0x00000007fee00000|100%| O|  |TAMS 0x00000007fec00000, 0x00000007fec00000| Untracked 
|2020|0x00000007fee00000, 0x00000007ff000000, 0x00000007ff000000|100%| O|  |TAMS 0x00000007fee00000, 0x00000007fee00000| Untracked 
|2021|0x00000007ff000000, 0x00000007ff200000, 0x00000007ff200000|100%| O|  |TAMS 0x00000007ff000000, 0x00000007ff000000| Untracked 
|2022|0x00000007ff200000, 0x00000007ff400000, 0x00000007ff400000|100%| O|  |TAMS 0x00000007ff200000, 0x00000007ff200000| Untracked 
|2023|0x00000007ff400000, 0x00000007ff600000, 0x00000007ff600000|100%| O|  |TAMS 0x00000007ff400000, 0x00000007ff400000| Untracked 
|2024|0x00000007ff600000, 0x00000007ff800000, 0x00000007ff800000|100%| O|  |TAMS 0x00000007ff600000, 0x00000007ff600000| Untracked 
|2025|0x00000007ff800000, 0x00000007ffa00000, 0x00000007ffa00000|100%| O|  |TAMS 0x00000007ff800000, 0x00000007ff800000| Untracked 
|2026|0x00000007ffa00000, 0x00000007ffc00000, 0x00000007ffc00000|100%| O|  |TAMS 0x00000007ffa00000, 0x00000007ffa00000| Untracked 
|2027|0x00000007ffc00000, 0x00000007ffe00000, 0x00000007ffe00000|100%| O|  |TAMS 0x00000007ffc00000, 0x00000007ffc00000| Untracked 
|2028|0x00000007ffe00000, 0x0000000800000000, 0x0000000800000000|100%| O|  |TAMS 0x0000000800000000, 0x00000007ffe00000| Untracked 

Card table byte_map: [0x000001e9263c0000,0x000001e926bb0000] _byte_map_base: 0x000001e922bad000

Marking Bits (Prev, Next): (CMBitMap*) 0x000001e90e71b380, (CMBitMap*) 0x000001e90e71b340
 Prev Bits: [0x000001e92b310000, 0x000001e92f278000)
 Next Bits: [0x000001e9273a0000, 0x000001e92b308000)

Polling page: 0x000001e90beb0000

Metaspace:

Usage:
  Non-class:     55.56 MB capacity,    55.21 MB (>99%) used,   281.28 KB ( <1%) free+waste,    84.88 KB ( <1%) overhead. 
      Class:      7.43 MB capacity,     7.26 MB ( 98%) used,   150.98 KB (  2%) free+waste,    30.44 KB ( <1%) overhead. 
       Both:     63.00 MB capacity,    62.46 MB (>99%) used,   432.27 KB ( <1%) free+waste,   115.31 KB ( <1%) overhead. 

Virtual space:
  Non-class space:       56.00 MB reserved,      55.60 MB (>99%) committed 
      Class space:        1.00 GB reserved,       7.50 MB ( <1%) committed 
             Both:        1.05 GB reserved,      63.10 MB (  6%) committed 

Chunk freelists:
   Non-Class:  39.00 KB
       Class:  5.00 KB
        Both:  44.00 KB

MaxMetaspaceSize: 17179869184.00 GB
CompressedClassSpaceSize: 1.00 GB

CodeHeap 'non-profiled nmethods': size=120000Kb used=6378Kb max_used=6378Kb free=113621Kb
 bounds [0x000001e91e370000, 0x000001e91e9b0000, 0x000001e9258a0000]
CodeHeap 'profiled nmethods': size=120000Kb used=17204Kb max_used=17204Kb free=102795Kb
 bounds [0x000001e916e40000, 0x000001e917f10000, 0x000001e91e370000]
CodeHeap 'non-nmethods': size=5760Kb used=2455Kb max_used=2516Kb free=3304Kb
 bounds [0x000001e9168a0000, 0x000001e916b30000, 0x000001e916e40000]
 total_blobs=9062 nmethods=8093 adapters=881
 compilation: enabled
              stopped_count=0, restarted_count=0
 full_count=0

Compilation events (20 events):
Event: 45.234 Thread 0x000001e9318bdc40 nmethod 9460 0x000001e917f09d90 code [0x000001e917f09f60, 0x000001e917f0a2c8]
Event: 45.234 Thread 0x000001e9318bdc40 9461       3       java.lang.StringCoding::hasNegatives (25 bytes)
Event: 45.234 Thread 0x000001e9318bdc40 nmethod 9461 0x000001e917f0a510 code [0x000001e917f0a6c0, 0x000001e917f0a8d8]
Event: 45.236 Thread 0x000001e9318bc600 nmethod 9447 0x000001e91e9a7590 code [0x000001e91e9a7720, 0x000001e91e9a7b18]
Event: 45.236 Thread 0x000001e9318bc600 9445   !   4       sun.nio.cs.StreamEncoder::write (78 bytes)
Event: 45.238 Thread 0x000001e937d5f650 nmethod 9448 0x000001e91e9a7d90 code [0x000001e91e9a8000, 0x000001e91e9a8ae8]
Event: 45.240 Thread 0x000001e9318bc600 nmethod 9445 0x000001e91e9a9590 code [0x000001e91e9a9740, 0x000001e91e9a9de8]
Event: 45.250 Thread 0x000001e9318bdc40 9462       3       com.google.common.collect.RegularImmutableMap::createEntrySet (13 bytes)
Event: 45.251 Thread 0x000001e9318bdc40 nmethod 9462 0x000001e917f0aa10 code [0x000001e917f0ac00, 0x000001e917f0b1a8]
Event: 45.251 Thread 0x000001e9318bdc40 9463       3       com.google.common.collect.ImmutableMapEntrySet$RegularEntrySet::<init> (10 bytes)
Event: 45.251 Thread 0x000001e9318bdc40 nmethod 9463 0x000001e917f0b410 code [0x000001e917f0b600, 0x000001e917f0bac8]
Event: 45.929 Thread 0x000001e9318bdc40 9464       3       com.google.common.io.ByteStreams::copy (51 bytes)
Event: 45.930 Thread 0x000001e9318bdc40 nmethod 9464 0x000001e917f0bc90 code [0x000001e917f0bea0, 0x000001e917f0c5f8]
Event: 45.936 Thread 0x000001e9318bdc40 9465       3       org.vividus.selenium.manager.GenericWebDriverManager$$Lambda$975/0x0000000801211f48::test (12 bytes)
Event: 45.936 Thread 0x000001e9318bdc40 nmethod 9465 0x000001e917f0c890 code [0x000001e917f0ca40, 0x000001e917f0cce8]
Event: 45.936 Thread 0x000001e9318bdc40 9466       3       org.vividus.selenium.manager.GenericWebDriverManager::lambda$isBrowserAnyOf$2 (6 bytes)
Event: 45.936 Thread 0x000001e9318bdc40 nmethod 9466 0x000001e917f0ce10 code [0x000001e917f0cfc0, 0x000001e917f0d0e8]
Event: 45.938 Thread 0x000001e9318bc600 9467       4       java.util.stream.AbstractPipeline::sourceSpliterator (265 bytes)
Event: 45.942 Thread 0x000001e9318bc600 nmethod 9467 0x000001e91e9aa290 code [0x000001e91e9aa440, 0x000001e91e9aa7d8]
Event: 46.445 Thread 0x000001e9318bdc40 9468       3       org.openqa.selenium.Platform::fromString (145 bytes)

GC Heap History (20 events):
Event: 6.854 GC heap after
{Heap after GC invocations=27 (full 0):
 garbage-first heap   total 182272K, used 76258K [0x0000000702600000, 0x0000000800000000)
  region size 2048K, 3 young (6144K), 3 survivors (6144K)
 Metaspace       used 41970K, capacity 42358K, committed 42472K, reserved 1087488K
  class space    used 4802K, capacity 4909K, committed 4992K, reserved 1048576K
}
Event: 7.155 GC heap before
{Heap before GC invocations=27 (full 0):
 garbage-first heap   total 182272K, used 139746K [0x0000000702600000, 0x0000000800000000)
  region size 2048K, 34 young (69632K), 3 survivors (6144K)
 Metaspace       used 44874K, capacity 45269K, committed 45288K, reserved 1089536K
  class space    used 5115K, capacity 5238K, committed 5248K, reserved 1048576K
}
Event: 7.162 GC heap after
{Heap after GC invocations=28 (full 0):
 garbage-first heap   total 346112K, used 78116K [0x0000000702600000, 0x0000000800000000)
  region size 2048K, 4 young (8192K), 4 survivors (8192K)
 Metaspace       used 44874K, capacity 45269K, committed 45288K, reserved 1089536K
  class space    used 5115K, capacity 5238K, committed 5248K, reserved 1048576K
}
Event: 8.104 GC heap before
{Heap before GC invocations=28 (full 0):
 garbage-first heap   total 346112K, used 262436K [0x0000000702600000, 0x0000000800000000)
  region size 2048K, 94 young (192512K), 4 survivors (8192K)
 Metaspace       used 51721K, capacity 52209K, committed 52328K, reserved 1095680K
  class space    used 5942K, capacity 6119K, committed 6144K, reserved 1048576K
}
Event: 8.113 GC heap after
{Heap after GC invocations=29 (full 0):
 garbage-first heap   total 346112K, used 81745K [0x0000000702600000, 0x0000000800000000)
  region size 2048K, 5 young (10240K), 5 survivors (10240K)
 Metaspace       used 51721K, capacity 52209K, committed 52328K, reserved 1095680K
  class space    used 5942K, capacity 6119K, committed 6144K, reserved 1048576K
}
Event: 8.345 GC heap before
{Heap before GC invocations=29 (full 0):
 garbage-first heap   total 346112K, used 274257K [0x0000000702600000, 0x0000000800000000)
  region size 2048K, 99 young (202752K), 5 survivors (10240K)
 Metaspace       used 51730K, capacity 52212K, committed 52328K, reserved 1095680K
  class space    used 5943K, capacity 6120K, committed 6144K, reserved 1048576K
}
Event: 8.352 GC heap after
{Heap after GC invocations=30 (full 0):
 garbage-first heap   total 346112K, used 82386K [0x0000000702600000, 0x0000000800000000)
  region size 2048K, 6 young (12288K), 6 survivors (12288K)
 Metaspace       used 51730K, capacity 52212K, committed 52328K, reserved 1095680K
  class space    used 5943K, capacity 6120K, committed 6144K, reserved 1048576K
}
Event: 26.143 GC heap before
{Heap before GC invocations=30 (full 0):
 garbage-first heap   total 346112K, used 276946K [0x0000000702600000, 0x0000000800000000)
  region size 2048K, 101 young (206848K), 6 survivors (12288K)
 Metaspace       used 58819K, capacity 59341K, committed 59496K, reserved 1101824K
  class space    used 6872K, capacity 7054K, committed 7168K, reserved 1048576K
}
Event: 26.153 GC heap after
{Heap after GC invocations=31 (full 0):
 garbage-first heap   total 346112K, used 85841K [0x0000000702600000, 0x0000000800000000)
  region size 2048K, 7 young (14336K), 7 survivors (14336K)
 Metaspace       used 58819K, capacity 59341K, committed 59496K, reserved 1101824K
  class space    used 6872K, capacity 7054K, committed 7168K, reserved 1048576K
}
Event: 31.957 GC heap before
{Heap before GC invocations=31 (full 0):
 garbage-first heap   total 346112K, used 333649K [0x0000000702600000, 0x0000000800000000)
  region size 2048K, 101 young (206848K), 7 survivors (14336K)
 Metaspace       used 61823K, capacity 62418K, committed 62568K, reserved 1103872K
  class space    used 7145K, capacity 7352K, committed 7424K, reserved 1048576K
}
Event: 31.967 GC heap after
{Heap after GC invocations=32 (full 0):
 garbage-first heap   total 352256K, used 143052K [0x0000000702600000, 0x0000000800000000)
  region size 2048K, 7 young (14336K), 7 survivors (14336K)
 Metaspace       used 61823K, capacity 62418K, committed 62568K, reserved 1103872K
  class space    used 7145K, capacity 7352K, committed 7424K, reserved 1048576K
}
Event: 35.202 GC heap before
{Heap before GC invocations=32 (full 0):
 garbage-first heap   total 352256K, used 241356K [0x0000000702600000, 0x0000000800000000)
  region size 2048K, 43 young (88064K), 7 survivors (14336K)
 Metaspace       used 63848K, capacity 64432K, committed 64616K, reserved 1105920K
  class space    used 7428K, capacity 7609K, committed 7680K, reserved 1048576K
}
Event: 35.210 GC heap after
{Heap after GC invocations=33 (full 0):
 garbage-first heap   total 352256K, used 121978K [0x0000000702600000, 0x0000000800000000)
  region size 2048K, 6 young (12288K), 6 survivors (12288K)
 Metaspace       used 63848K, capacity 64432K, committed 64616K, reserved 1105920K
  class space    used 7428K, capacity 7609K, committed 7680K, reserved 1048576K
}
Event: 38.602 GC heap before
{Heap before GC invocations=34 (full 0):
 garbage-first heap   total 352256K, used 257146K [0x0000000702600000, 0x0000000800000000)
  region size 2048K, 52 young (106496K), 6 survivors (12288K)
 Metaspace       used 63849K, capacity 64432K, committed 64616K, reserved 1105920K
  class space    used 7428K, capacity 7609K, committed 7680K, reserved 1048576K
}
Event: 38.609 GC heap after
{Heap after GC invocations=35 (full 0):
 garbage-first heap   total 352256K, used 130082K [0x0000000702600000, 0x0000000800000000)
  region size 2048K, 6 young (12288K), 6 survivors (12288K)
 Metaspace       used 63849K, capacity 64432K, committed 64616K, reserved 1105920K
  class space    used 7428K, capacity 7609K, committed 7680K, reserved 1048576K
}
Event: 43.188 GC heap before
{Heap before GC invocations=36 (full 0):
 garbage-first heap   total 352256K, used 347170K [0x0000000702600000, 0x0000000800000000)
  region size 2048K, 80 young (163840K), 6 survivors (12288K)
 Metaspace       used 63946K, capacity 64508K, committed 64616K, reserved 1105920K
  class space    used 7429K, capacity 7611K, committed 7680K, reserved 1048576K
}
Event: 43.245 GC heap after
{Heap after GC invocations=37 (full 0):
 garbage-first heap   total 401408K, used 188021K [0x0000000702600000, 0x0000000800000000)
  region size 2048K, 12 young (24576K), 12 survivors (24576K)
 Metaspace       used 63946K, capacity 64508K, committed 64616K, reserved 1105920K
  class space    used 7429K, capacity 7611K, committed 7680K, reserved 1048576K
}
Event: 43.274 GC heap before
{Heap before GC invocations=37 (full 0):
 garbage-first heap   total 401408K, used 190069K [0x0000000702600000, 0x0000000800000000)
  region size 2048K, 13 young (26624K), 12 survivors (24576K)
 Metaspace       used 63946K, capacity 64508K, committed 64616K, reserved 1105920K
  class space    used 7429K, capacity 7611K, committed 7680K, reserved 1048576K
}
Event: 43.304 GC heap after
{Heap after GC invocations=38 (full 0):
 garbage-first heap   total 483328K, used 159386K [0x0000000702600000, 0x0000000800000000)
  region size 2048K, 2 young (4096K), 2 survivors (4096K)
 Metaspace       used 63946K, capacity 64508K, committed 64616K, reserved 1105920K
  class space    used 7429K, capacity 7611K, committed 7680K, reserved 1048576K
}
Event: 46.445 GC heap before
{Heap before GC invocations=38 (full 0):
 garbage-first heap   total 483328K, used 411290K [0x0000000702600000, 0x0000000800000000)
  region size 2048K, 111 young (227328K), 2 survivors (4096K)
 Metaspace       used 63960K, capacity 64508K, committed 64616K, reserved 1105920K
  class space    used 7429K, capacity 7611K, committed 7680K, reserved 1048576K
}

Deoptimization events (20 events):
Event: 45.038 Thread 0x000001e933648960 DEOPT PACKING pc=0x000001e917f01c6f sp=0x0000006d5eafdc00
Event: 45.038 Thread 0x000001e933648960 DEOPT UNPACKING pc=0x000001e9168ee23f sp=0x0000006d5eafd0e0 mode 0
Event: 45.039 Thread 0x000001e933648960 DEOPT PACKING pc=0x000001e917f01c6f sp=0x0000006d5eafdc00
Event: 45.039 Thread 0x000001e933648960 DEOPT UNPACKING pc=0x000001e9168ee23f sp=0x0000006d5eafd0e0 mode 0
Event: 45.041 Thread 0x000001e933648960 DEOPT PACKING pc=0x000001e917f01c6f sp=0x0000006d5eafdc00
Event: 45.041 Thread 0x000001e933648960 DEOPT UNPACKING pc=0x000001e9168ee23f sp=0x0000006d5eafd0e0 mode 0
Event: 45.042 Thread 0x000001e933648960 DEOPT PACKING pc=0x000001e917f01c6f sp=0x0000006d5eafdc00
Event: 45.042 Thread 0x000001e933648960 DEOPT UNPACKING pc=0x000001e9168ee23f sp=0x0000006d5eafd0e0 mode 0
Event: 45.043 Thread 0x000001e933648960 DEOPT PACKING pc=0x000001e917f01c6f sp=0x0000006d5eafdc00
Event: 45.043 Thread 0x000001e933648960 DEOPT UNPACKING pc=0x000001e9168ee23f sp=0x0000006d5eafd0e0 mode 0
Event: 45.126 Thread 0x000001e933648960 Uncommon trap: trap_request=0xffffff45 fr.pc=0x000001e91e9a12a0 relative=0x0000000000000740
Event: 45.126 Thread 0x000001e933648960 Uncommon trap: reason=unstable_if action=reinterpret pc=0x000001e91e9a12a0 method=ru.yandex.qatools.ashot.comparison.PointsMarkupPolicy.markDiffPoints(Ljava/awt/image/BufferedImage;)V @ 24 c2
Event: 45.126 Thread 0x000001e933648960 DEOPT PACKING pc=0x000001e91e9a12a0 sp=0x0000006d5eafdc20
Event: 45.126 Thread 0x000001e933648960 DEOPT UNPACKING pc=0x000001e9168ee42f sp=0x0000006d5eafdbe8 mode 2
Event: 45.208 Thread 0x000001e933648960 Uncommon trap: trap_request=0xffffff45 fr.pc=0x000001e91e394810 relative=0x0000000000000190
Event: 45.208 Thread 0x000001e933648960 Uncommon trap: reason=unstable_if action=reinterpret pc=0x000001e91e394810 method=java.lang.StringCoding.hasNegatives([BII)Z @ 12 c2
Event: 45.208 Thread 0x000001e933648960 DEOPT PACKING pc=0x000001e91e394810 sp=0x0000006d5eafbc60
Event: 45.208 Thread 0x000001e933648960 DEOPT UNPACKING pc=0x000001e9168ee42f sp=0x0000006d5eafbbf0 mode 2
Event: 45.236 Thread 0x000001e933648960 DEOPT PACKING pc=0x000001e917f0a850 sp=0x0000006d5eafce00
Event: 45.236 Thread 0x000001e933648960 DEOPT UNPACKING pc=0x000001e9168ee23f sp=0x0000006d5eafc2a0 mode 0

Classes unloaded (0 events):
No events

Classes redefined (0 events):
No events

Internal exceptions (20 events):
Event: 28.582 Thread 0x000001e933648960 Exception <a 'java/lang/ClassNotFoundException'{0x00000007162a87c0}: org/vividus/visual/engine/VisualTestingEngineCustomizer> (0x00000007162a87c0) 
thrown [./open/src/hotspot/share/classfile/systemDictionary.cpp, line 295]
Event: 28.583 Thread 0x000001e933648960 Exception <a 'java/lang/ClassNotFoundException'{0x00000007162b1e28}: org/vividus/visual/engine/IVisualTestingEngineBeanInfo> (0x00000007162b1e28) 
thrown [./open/src/hotspot/share/classfile/systemDictionary.cpp, line 295]
Event: 28.583 Thread 0x000001e933648960 Exception <a 'java/lang/ClassNotFoundException'{0x00000007162b7550}: org/vividus/visual/engine/IVisualTestingEngineCustomizer> (0x00000007162b7550) 
thrown [./open/src/hotspot/share/classfile/systemDictionary.cpp, line 295]
Event: 28.584 Thread 0x000001e933648960 Exception <a 'java/lang/ClassNotFoundException'{0x00000007162c4f88}: org/vividus/visual/VisualCheckFactoryBeanInfo> (0x00000007162c4f88) 
thrown [./open/src/hotspot/share/classfile/systemDictionary.cpp, line 295]
Event: 28.584 Thread 0x000001e933648960 Exception <a 'java/lang/ClassNotFoundException'{0x00000007162ca3f0}: org/vividus/visual/VisualCheckFactoryCustomizer> (0x00000007162ca3f0) 
thrown [./open/src/hotspot/share/classfile/systemDictionary.cpp, line 295]
Event: 28.585 Thread 0x000001e933648960 Exception <a 'java/lang/ClassNotFoundException'{0x00000007162d9b98}: org/vividus/visual/IVisualCheckFactoryBeanInfo> (0x00000007162d9b98) 
thrown [./open/src/hotspot/share/classfile/systemDictionary.cpp, line 295]
Event: 28.585 Thread 0x000001e933648960 Exception <a 'java/lang/ClassNotFoundException'{0x00000007162df020}: org/vividus/visual/IVisualCheckFactoryCustomizer> (0x00000007162df020) 
thrown [./open/src/hotspot/share/classfile/systemDictionary.cpp, line 295]
Event: 32.160 Thread 0x000001e933648960 Exception <a 'sun/nio/fs/WindowsException'{0x00000007158af0b0}> (0x00000007158af0b0) 
thrown [./open/src/hotspot/share/prims/jni.cpp, line 578]
Event: 32.195 Thread 0x000001e933648960 Exception <a 'java/lang/NoClassDefFoundError'{0x00000007156e48b8}: org/python/core/PyException> (0x00000007156e48b8) 
thrown [./open/src/hotspot/share/classfile/systemDictionary.cpp, line 284]
Event: 32.202 Thread 0x000001e933648960 Exception <a 'java/lang/ClassNotFoundException'{0x000000071571f048}: org/vividus/visual/model/VisualCheckResultBeanInfo> (0x000000071571f048) 
thrown [./open/src/hotspot/share/classfile/systemDictionary.cpp, line 295]
Event: 32.202 Thread 0x000001e933648960 Exception <a 'java/lang/ClassNotFoundException'{0x0000000715724580}: org/vividus/visual/model/VisualCheckResultCustomizer> (0x0000000715724580) 
thrown [./open/src/hotspot/share/classfile/systemDictionary.cpp, line 295]
Event: 32.206 Thread 0x000001e933648960 Exception <a 'java/lang/ClassNotFoundException'{0x0000000715745840}: org/vividus/visual/model/VisualActionTypeBeanInfo> (0x0000000715745840) 
thrown [./open/src/hotspot/share/classfile/systemDictionary.cpp, line 295]
Event: 32.206 Thread 0x000001e933648960 Exception <a 'java/lang/ClassNotFoundException'{0x0000000715746a98}: java/lang/EnumBeanInfo> (0x0000000715746a98) 
thrown [./open/src/hotspot/share/classfile/systemDictionary.cpp, line 295]
Event: 32.206 Thread 0x000001e933648960 Exception <a 'java/lang/ClassNotFoundException'{0x0000000715747cb8}: java/lang/EnumCustomizer> (0x0000000715747cb8) 
thrown [./open/src/hotspot/share/classfile/systemDictionary.cpp, line 295]
Event: 32.207 Thread 0x000001e933648960 Exception <a 'java/lang/ClassNotFoundException'{0x00000007157550c0}: org/vividus/visual/model/VisualActionTypeCustomizer> (0x00000007157550c0) 
thrown [./open/src/hotspot/share/classfile/systemDictionary.cpp, line 295]
Event: 32.219 Thread 0x000001e933648960 Exception <a 'sun/nio/fs/WindowsException'{0x00000007157ddbc8}> (0x00000007157ddbc8) 
thrown [./open/src/hotspot/share/prims/jni.cpp, line 578]
Event: 35.504 Thread 0x000001e933648960 Exception <a 'sun/nio/fs/WindowsException'{0x00000007155f91d0}> (0x00000007155f91d0) 
thrown [./open/src/hotspot/share/prims/jni.cpp, line 578]
Event: 38.751 Thread 0x000001e933648960 Exception <a 'sun/nio/fs/WindowsException'{0x00000007164faae0}> (0x00000007164faae0) 
thrown [./open/src/hotspot/share/prims/jni.cpp, line 578]
Event: 45.213 Thread 0x000001e933648960 Exception <a 'sun/nio/fs/WindowsException'{0x0000000710cdfe58}> (0x0000000710cdfe58) 
thrown [./open/src/hotspot/share/prims/jni.cpp, line 578]
Event: 45.217 Thread 0x000001e933648960 Exception <a 'sun/nio/fs/WindowsException'{0x0000000710cfc000}> (0x0000000710cfc000) 
thrown [./open/src/hotspot/share/prims/jni.cpp, line 578]

Events (20 events):
Event: 35.210 Executing VM operation: G1TryInitiateConcMark done
Event: 35.259 Executing VM operation: G1Concurrent
Event: 35.262 Executing VM operation: G1Concurrent done
Event: 35.297 Executing VM operation: G1Concurrent
Event: 35.297 Executing VM operation: G1Concurrent done
Event: 38.602 Executing VM operation: G1TryInitiateConcMark
Event: 38.610 Executing VM operation: G1TryInitiateConcMark done
Event: 38.642 Executing VM operation: G1Concurrent
Event: 38.645 Executing VM operation: G1Concurrent done
Event: 38.660 Executing VM operation: G1Concurrent
Event: 38.660 Executing VM operation: G1Concurrent done
Event: 42.872 Thread 0x000001e937d63820 Thread added: 0x000001e937d63820
Event: 43.188 Executing VM operation: G1CollectForAllocation
Event: 43.245 Executing VM operation: G1CollectForAllocation done
Event: 43.274 Executing VM operation: G1CollectForAllocation
Event: 43.304 Executing VM operation: G1CollectForAllocation done
Event: 45.014 Thread 0x000001e937d63820 Thread exited: 0x000001e937d63820
Event: 45.214 Thread 0x000001e937d5f650 Thread added: 0x000001e937d5f650
Event: 45.929 Thread 0x000001e937d5f650 Thread exited: 0x000001e937d5f650
Event: 46.445 Executing VM operation: G1CollectForAllocation


Dynamic libraries:
0x00007ff71eda0000 - 0x00007ff71edaf000 	C:\Program Files\Java\jdk-15.0.1\bin\javaw.exe
0x000001e90bff0000 - 0x000001e90c1e0000 	C:\WINDOWS\SYSTEM32\ntd1l.dll
0x000001e90c1f0000 - 0x000001e90c2a2000 	C:\WINDOWS\System32\kern3l32.dll
0x00007ffdfc020000 - 0x00007ffdfc210000 	C:\WINDOWS\SYSTEM32\ntdll.dll
0x00007ffdfa6b0000 - 0x00007ffdfa762000 	C:\WINDOWS\System32\KERNEL32.DLL
0x00007ffdf9140000 - 0x00007ffdf93e5000 	C:\WINDOWS\System32\KERNELBASE.dll
0x00007ffdf7d60000 - 0x00007ffdf7f75000 	C:\Program Files\SentinelOne\Sentinel Agent 4.5.2.136\InProcessClient64.dll
0x00007ffdfbbc0000 - 0x00007ffdfbc63000 	C:\WINDOWS\System32\ADVAPI32.dll
0x00007ffdfbf40000 - 0x00007ffdfbfde000 	C:\WINDOWS\System32\msvcrt.dll
0x00007ffdfa780000 - 0x00007ffdfa817000 	C:\WINDOWS\System32\sechost.dll
0x00007ffdfa0d0000 - 0x00007ffdfa1f0000 	C:\WINDOWS\System32\RPCRT4.dll
0x00007ffdf8fa0000 - 0x00007ffdf909a000 	C:\WINDOWS\System32\ucrtbase.dll
0x00007ffde3130000 - 0x00007ffde3148000 	C:\Program Files\Java\jdk-15.0.1\bin\jli.dll
0x00007ffddb2a0000 - 0x00007ffddb2b9000 	C:\Program Files\Java\jdk-15.0.1\bin\VCRUNTIME140.dll
0x00007ffdfa400000 - 0x00007ffdfa594000 	C:\WINDOWS\System32\USER32.dll
0x00007ffdf93f0000 - 0x00007ffdf9411000 	C:\WINDOWS\System32\win32u.dll
0x00007ffdfaa70000 - 0x00007ffdfaa96000 	C:\WINDOWS\System32\GDI32.dll
0x00007ffdf9c50000 - 0x00007ffdf9de6000 	C:\WINDOWS\System32\gdi32full.dll
0x00007ffde2be0000 - 0x00007ffde2e64000 	C:\WINDOWS\WinSxS\amd64_microsoft.windows.common-controls_6595b64144ccf1df_6.0.18362.1198_none_9e820b57e45ad92f\COMCTL32.dll
0x00007ffdf90a0000 - 0x00007ffdf913e000 	C:\WINDOWS\System32\msvcp_win.dll
0x00007ffdfb410000 - 0x00007ffdfb745000 	C:\WINDOWS\System32\combase.dll
0x00007ffdf9fa0000 - 0x00007ffdfa020000 	C:\WINDOWS\System32\bcryptPrimitives.dll
0x00007ffdf7c10000 - 0x00007ffdf7c1a000 	C:\WINDOWS\SYSTEM32\VERSION.dll
0x00007ffdfbf10000 - 0x00007ffdfbf3e000 	C:\WINDOWS\System32\IMM32.DLL
0x00007ffdf1600000 - 0x00007ffdf160c000 	C:\Program Files\Java\jdk-15.0.1\bin\vcruntime140_1.dll
0x00007ffdcd4c0000 - 0x00007ffdcd551000 	C:\Program Files\Java\jdk-15.0.1\bin\msvcp140.dll
0x00007ffd7a690000 - 0x00007ffd7b1ee000 	C:\Program Files\Java\jdk-15.0.1\bin\server\jvm.dll
0x00007ffdfa770000 - 0x00007ffdfa778000 	C:\WINDOWS\System32\PSAPI.DLL
0x00007ffddd790000 - 0x00007ffddd799000 	C:\WINDOWS\SYSTEM32\WSOCK32.dll
0x00007ffdfaaa0000 - 0x00007ffdfab0f000 	C:\WINDOWS\System32\WS2_32.dll
0x00007ffdf16f0000 - 0x00007ffdf1714000 	C:\WINDOWS\SYSTEM32\WINMM.dll
0x00007ffdf1490000 - 0x00007ffdf14bd000 	C:\WINDOWS\SYSTEM32\WINMMBASE.dll
0x00007ffdf9420000 - 0x00007ffdf946a000 	C:\WINDOWS\System32\cfgmgr32.dll
0x00007ffdf8ee0000 - 0x00007ffdf8ef1000 	C:\WINDOWS\System32\kernel.appcore.dll
0x00007ffdf1610000 - 0x00007ffdf161a000 	C:\Program Files\Java\jdk-15.0.1\bin\jimage.dll
0x00007ffdf75b0000 - 0x00007ffdf77a4000 	C:\WINDOWS\SYSTEM32\DBGHELP.DLL
0x00007ffddd140000 - 0x00007ffddd16a000 	C:\WINDOWS\SYSTEM32\dbgcore.DLL
0x00007ffdd1950000 - 0x00007ffdd1975000 	C:\Program Files\Java\jdk-15.0.1\bin\java.dll
0x00007ffdfad20000 - 0x00007ffdfb407000 	C:\WINDOWS\System32\SHELL32.dll
0x00007ffdfab10000 - 0x00007ffdfabb9000 	C:\WINDOWS\System32\shcore.dll
0x00007ffdf9470000 - 0x00007ffdf9bf1000 	C:\WINDOWS\System32\windows.storage.dll
0x00007ffdf8f70000 - 0x00007ffdf8f93000 	C:\WINDOWS\System32\profapi.dll
0x00007ffdf8f20000 - 0x00007ffdf8f6a000 	C:\WINDOWS\System32\powrprof.dll
0x00007ffdf8ed0000 - 0x00007ffdf8ee0000 	C:\WINDOWS\System32\UMPDC.dll
0x00007ffdfa960000 - 0x00007ffdfa9b2000 	C:\WINDOWS\System32\shlwapi.dll
0x00007ffdf9c00000 - 0x00007ffdf9c17000 	C:\WINDOWS\System32\cryptsp.dll
0x00007ffde3190000 - 0x00007ffde31a9000 	C:\Program Files\Java\jdk-15.0.1\bin\net.dll
0x00007ffdee1b0000 - 0x00007ffdee2a0000 	C:\WINDOWS\SYSTEM32\WINHTTP.dll
0x00007ffdf8720000 - 0x00007ffdf8787000 	C:\WINDOWS\system32\mswsock.dll
0x00007ffde3100000 - 0x00007ffde3112000 	C:\Program Files\Java\jdk-15.0.1\bin\nio.dll
0x00007ffde2fc0000 - 0x00007ffde2fd8000 	C:\Program Files\Java\jdk-15.0.1\bin\zip.dll
0x00007ffde7b20000 - 0x00007ffde7b30000 	C:\Program Files\Java\jdk-15.0.1\bin\verify.dll
0x00007ffdf8430000 - 0x00007ffdf846a000 	C:\WINDOWS\SYSTEM32\IPHLPAPI.DLL
0x00007ffdfbe80000 - 0x00007ffdfbe88000 	C:\WINDOWS\System32\NSI.dll
0x00007ffdef440000 - 0x00007ffdef456000 	C:\WINDOWS\SYSTEM32\dhcpcsvc6.DLL
0x00007ffdef170000 - 0x00007ffdef18c000 	C:\WINDOWS\SYSTEM32\dhcpcsvc.DLL
0x00007ffdf8470000 - 0x00007ffdf853b000 	C:\WINDOWS\SYSTEM32\DNSAPI.dll
0x00007ffdf15d0000 - 0x00007ffdf15d9000 	C:\Program Files\Java\jdk-15.0.1\bin\management.dll
0x00007ffde7b30000 - 0x00007ffde7b3b000 	C:\Program Files\Java\jdk-15.0.1\bin\management_ext.dll
0x00007ffdcb390000 - 0x00007ffdcb3a6000 	C:\WINDOWS\system32\napinsp.dll
0x00007ffdcb2d0000 - 0x00007ffdcb2ea000 	C:\WINDOWS\system32\pnrpnsp.dll
0x00007ffdddd30000 - 0x00007ffdddd3e000 	C:\WINDOWS\System32\winrnr.dll
0x00007ffdf1470000 - 0x00007ffdf148c000 	C:\WINDOWS\system32\NLAapi.dll
0x00007ffdcad50000 - 0x00007ffdcad65000 	C:\WINDOWS\system32\wshbth.dll
0x00007ffde49c0000 - 0x00007ffde49ca000 	C:\Windows\System32\rasadhlp.dll
0x00007ffdefad0000 - 0x00007ffdefb47000 	C:\WINDOWS\System32\fwpuclnt.dll
0x00007ffdf9c20000 - 0x00007ffdf9c46000 	C:\WINDOWS\System32\bcrypt.dll
0x00007ffdf17c0000 - 0x00007ffdf17cd000 	C:\Program Files\Java\jdk-15.0.1\bin\sunmscapi.dll
0x00007ffdf9e50000 - 0x00007ffdf9f99000 	C:\WINDOWS\System32\CRYPT32.dll
0x00007ffdf8f00000 - 0x00007ffdf8f12000 	C:\WINDOWS\System32\MSASN1.dll
0x00007ffdf89f0000 - 0x00007ffdf8a16000 	C:\WINDOWS\SYSTEM32\ncrypt.dll
0x00007ffdf89b0000 - 0x00007ffdf89eb000 	C:\WINDOWS\SYSTEM32\NTASN1.dll
0x00007ffdf8290000 - 0x00007ffdf82c3000 	C:\WINDOWS\system32\rsaenh.dll
0x00007ffdf8df0000 - 0x00007ffdf8e15000 	C:\WINDOWS\SYSTEM32\USERENV.dll
0x00007ffdf88f0000 - 0x00007ffdf88fc000 	C:\WINDOWS\SYSTEM32\CRYPTBASE.dll
0x00007ffdbd830000 - 0x00007ffdbd9b0000 	C:\Program Files\Java\jdk-15.0.1\bin\awt.dll
0x00007ffdfa330000 - 0x00007ffdfa3f5000 	C:\WINDOWS\System32\OLEAUT32.dll
0x00007ffdf2c60000 - 0x00007ffdf2cef000 	C:\WINDOWS\SYSTEM32\apphelp.dll
0x00007ffdf7190000 - 0x00007ffdf71bd000 	C:\WINDOWS\system32\DWMAPI.DLL
0x00007ffdf3070000 - 0x00007ffdf3109000 	C:\WINDOWS\system32\uxtheme.dll

dbghelp: loaded successfully - version: 4.0.5 - missing functions: none
symbol engine: initialized successfully - sym options: 0x614 - pdb path: .;C:\Program Files\Java\jdk-15.0.1\bin;C:\WINDOWS\SYSTEM32;C:\Program Files\SentinelOne\Sentinel Agent 4.5.2.136;C:\WINDOWS\WinSxS\amd64_microsoft.windows.common-controls_6595b64144ccf1df_6.0.18362.1198_none_9e820b57e45ad92f;C:\Program Files\Java\jdk-15.0.1\bin\server

VM Arguments:
jvm_args: -ea -Dfile.encoding=Cp1252 -XX:+ShowCodeDetailsInExceptionMessages 
java_command: org.eclipse.jdt.internal.junit.runner.RemoteTestRunner -version 3 -port 60319 -testLoaderClass org.eclipse.jdt.internal.junit4.runner.JUnit4TestLoader -loaderpluginname org.eclipse.jdt.junit4.runtime -classNames org.vividus.runner.StoriesRunner
java_class_path (initial): D:\Testing mentoring program\Vividus\bin\main;\Vividus\bin\default;C:\Users\Yana_Sudakova\.gradle\caches\modules-2\files-2.1\org.vividus\vividus\0.3.0\b25a873f5bd41df916f8a39f76076a370c6b47f6\vividus-0.3.0.jar;C:\Users\Yana_Sudakova\.gradle\caches\modules-2\files-2.1\org.vividus\vividus-plugin-web-app\0.3.0\330961023d0f85e88f04e5f708bc2659b6b946e4\vividus-plugin-web-app-0.3.0.jar;C:\Users\Yana_Sudakova\.gradle\caches\modules-2\files-2.1\org.vividus\vividus-plugin-rest-api\0.3.0\7c1a401d8b0baed6db02d1be6b88cb29bd251aed\vividus-plugin-rest-api-0.3.0.jar;C:\Users\Yana_Sudakova\.gradle\caches\modules-2\files-2.1\org.vividus\vividus-plugin-db\0.3.0\729f88ea9e16282d8fec97227b97c27714a45e6f\vividus-plugin-db-0.3.0.jar;C:\Users\Yana_Sudakova\.gradle\caches\modules-2\files-2.1\org.vividus\vividus-plugin-visual\0.3.0\35436e9c822c5dee5dec509cf8af0e83220bf4d5\vividus-plugin-visual-0.3.0.jar;C:\Users\Yana_Sudakova\.gradle\caches\modules-2\files-2.1\org.postgresql\postgresql\42.2.18\a0a9c1d43c7727eeaf1b729477891185d3c71751\postgresql-42.2.18.jar;C:\Users\Yana_Sudakova\.gradle\caches\modules-2\files-2.1\org.vividus\vividus-bdd-engine\0.3.0\d6c13ea4747f813dee12fcd921e599db7127d6d\vividus-bdd-engine-0.3.0.jar;C:\Users\Yana_Sudakova\.gradle\caches\modules-2\files-2.1\org.vividus\vividus-http-client\0.3.0\2533aa2a4d1abf7d1d43978909ac66452d903635\vividus-http-client-0.3.0.jar;C:\Users\Yana_Sudakova\.gradle\caches\modules-2\files-2.1\org.vividus\vividus-reporter\0.3.0\f6be90e2dda35dc985b29c014bb817edc32b09d0\vividus-reporter-0.3.0.jar;C:\Users\Yana_Sudakova\.gradle\caches\modules-2\files-2.1\ru.yandex.qatools.ashot\ashot\1.5.4\630e052b98de4f4f82c2d16d803d7b30f468853d\ashot-1.5.4.jar;C:\Users\Yana_Sudakova\.gradle\caches\modules-2\files-2.1\com.github.crawler-commons\crawler-commons\1.1\97b7552d8892a0ae21c706b46d328d6ba52a3553\crawler-commons-1.1.jar;C:\Users\Yana_Sudakova\.gradle\caches\modules-2\files-2.1\edu.uci.ics\crawler4j\4.4.0\20f7a9a8eb6e56eb792f1bae
Launcher Type: SUN_STANDARD

[Global flags]
     intx CICompilerCount                          = 4                                         {product} {ergonomic}
     uint ConcGCThreads                            = 2                                         {product} {ergonomic}
     uint G1ConcRefinementThreads                  = 8                                         {product} {ergonomic}
   size_t G1HeapRegionSize                         = 2097152                                   {product} {ergonomic}
    uintx GCDrainStackTargetSize                   = 64                                        {product} {ergonomic}
   size_t InitialHeapSize                          = 266338304                                 {product} {ergonomic}
   size_t MarkStackSize                            = 4194304                                   {product} {ergonomic}
   size_t MaxHeapSize                              = 4255121408                                {product} {ergonomic}
   size_t MaxNewSize                               = 2552233984                                {product} {ergonomic}
   size_t MinHeapDeltaBytes                        = 2097152                                   {product} {ergonomic}
   size_t MinHeapSize                              = 8388608                                   {product} {ergonomic}
    uintx NonNMethodCodeHeapSize                   = 5839372                                {pd product} {ergonomic}
    uintx NonProfiledCodeHeapSize                  = 122909434                              {pd product} {ergonomic}
    uintx ProfiledCodeHeapSize                     = 122909434                              {pd product} {ergonomic}
    uintx ReservedCodeCacheSize                    = 251658240                              {pd product} {ergonomic}
     bool SegmentedCodeCache                       = true                                      {product} {ergonomic}
     bool ShowCodeDetailsInExceptionMessages       = true                                   {manageable} {command line}
   size_t SoftMaxHeapSize                          = 4255121408                             {manageable} {ergonomic}
     bool UseCompressedClassPointers               = true                                 {lp64_product} {ergonomic}
     bool UseCompressedOops                        = true                                 {lp64_product} {ergonomic}
     bool UseG1GC                                  = true                                      {product} {ergonomic}
     bool UseLargePagesIndividualAllocation        = false                                  {pd product} {ergonomic}

Logging:
Log output configuration:
 #0: stdout all=warning uptime,level,tags
 #1: stderr all=off uptime,level,tags

Environment Variables:
JAVA_HOME=C:\Program Files\Java\jdk1.8.0_271
PATH=C:/Program Files/Java/jdk-15.0.1/bin/server;C:/Program Files/Java/jdk-15.0.1/bin;C:\Program Files (x86)\Common Files\Oracle\Java\javapath;C:\WINDOWS\system32;C:\WINDOWS;C:\WINDOWS\System32\Wbem;C:\WINDOWS\System32\WindowsPowerShell\v1.0\;C:\WINDOWS\System32\OpenSSH\;C:\Program Files\PuTTY\;C:\Program Files\Git\cmd;C:\Users\Yana_Sudakova\apache-ant-1.9.15-bin\apache-ant-1.9.15\bin;C:\Program Files\Java\jdk1.8.0_271\bin;C:\Users\Yana_Sudakova\apache-maven-3.6.3\bin;C:\Users\Yana_Sudakova\gradle-6.7.1\bin;D:\Webdriver;C:\WINDOWS\system32;
USERNAME=Yana_Sudakova
OS=Windows_NT
PROCESSOR_IDENTIFIER=Intel64 Family 6 Model 142 Stepping 10, GenuineIntel



---------------  S Y S T E M  ---------------

OS:
 Windows 10 , 64 bit Build 18362 (10.0.18362.1110)
OS uptime: 20 days 12:59 hours

CPU: total 8 (initial active 8) (4 cores per cpu, 2 threads per core) family 6 model 142 stepping 10 microcode 0xc6, cmov, cx8, fxsr, mmx, sse, sse2, sse3, ssse3, sse4.1, sse4.2, popcnt, vzeroupper, avx, avx2, aes, clmul, erms, rtm, 3dnowpref, lzcnt, ht, tsc, tscinvbit, bmi1, bmi2, adx, fma, clflush, clflushopt

Memory: 4k page, system-wide physical 16227M (5487M free)
TotalPageFile size 23139M (AvailPageFile size 4883M)
current process WorkingSet (physical memory assigned to process): 722M, peak: 722M
current process commit charge ("private bytes"): 769M, peak: 769M

vm_info: Java HotSpot(TM) 64-Bit Server VM (15.0.1+9-18) for windows-amd64 JRE (15.0.1+9-18), built on Sep 15 2020 14:43:54 by "mach5one" with unknown MS VC++:1925

END.
